PokerStars Hand #5000000001: Tournament #1, Apr5_2017-at-16_31_33 Hold'em No Limit ($50/$100 USD) - 2017/04/05 18:31:33 ET
Table 'ACPC Match' 2-max Seat #2 is the button
Seat 1: DeepStack ($20000 in chips)
Seat 2: schwartz.adam ($20000 in chips)
schwartz.adam: posts small blind $50
DeepStack: posts big blind $100
*** HOLE CARDS ***
Dealt to DeepStack [9c 6c]
Dealt to schwartz.adam [As Ts]
schwartz.adam: raises $100 to $200
DeepStack: raises $400 to $600
schwartz.adam: raises $1000 to $1600
DeepStack: folds
Uncalled bet ($1000) returned to schwartz.adam
schwartz.adam collected $1200 from the pot
*** SUMMARY ***
Total pot $1200 | Rake $0
Seat 1: DeepStack (big blind) folded before the Flop
Seat 2: schwartz.adam (button) (small blind) collected ($1200)

PokerStars Hand #5000000002: Tournament #1, Apr5_2017-at-16_31_33 Hold'em No Limit ($50/$100 USD) - 2017/04/05 18:31:34 ET
Table 'ACPC Match' 2-max Seat #1 is the button
Seat 1: DeepStack ($19400 in chips)
Seat 2: schwartz.adam ($20600 in chips)
DeepStack: posts small blind $50
schwartz.adam: posts big blind $100
*** HOLE CARDS ***
Dealt to DeepStack [8d Ac]
Dealt to schwartz.adam [6h Js]
DeepStack: calls $50
schwartz.adam: checks
*** FLOP **** [2d 3c 3h]
schwartz.adam: bets $100
DeepStack: calls $100
*** TURN **** [6c]
schwartz.adam: bets $200
DeepStack: folds
Uncalled bet ($200) returned to schwartz.adam
schwartz.adam collected $400 from the pot
*** SUMMARY ***
Total pot $400 | Rake $0
Board [2d 3c 3h 6c]
Seat 1: DeepStack (button) (small blind) folded on the Turn
Seat 2: schwartz.adam (big blind) collected ($400)

PokerStars Hand #5000000003: Tournament #1, Apr5_2017-at-16_31_33 Hold'em No Limit ($50/$100 USD) - 2017/04/05 18:31:35 ET
Table 'ACPC Match' 2-max Seat #2 is the button
Seat 1: DeepStack ($19200 in chips)
Seat 2: schwartz.adam ($20800 in chips)
schwartz.adam: posts small blind $50
DeepStack: posts big blind $100
*** HOLE CARDS ***
Dealt to DeepStack [Qd 4c]
Dealt to schwartz.adam [Tc As]
schwartz.adam: raises $100 to $200
DeepStack: calls $100
*** FLOP **** [4d Th 6s]
DeepStack: checks
schwartz.adam: raises $500 to $500
DeepStack: calls $500
*** TURN **** [2s]
DeepStack: checks
schwartz.adam: raises $1000 to $1000
DeepStack: folds
Uncalled bet ($1000) returned to schwartz.adam
schwartz.adam collected $1400 from the pot
*** SUMMARY ***
Total pot $1400 | Rake $0
Board [4d Th 6s 2s]
Seat 1: DeepStack (big blind) folded on the Turn
Seat 2: schwartz.adam (button) (small blind) collected ($1400)

PokerStars Hand #5000000004: Tournament #1, Apr5_2017-at-16_31_33 Hold'em No Limit ($50/$100 USD) - 2017/04/05 18:31:36 ET
Table 'ACPC Match' 2-max Seat #1 is the button
Seat 1: DeepStack ($18500 in chips)
Seat 2: schwartz.adam ($21500 in chips)
DeepStack: posts small blind $50
schwartz.adam: posts big blind $100
*** HOLE CARDS ***
Dealt to DeepStack [2c 9s]
Dealt to schwartz.adam [6s 8c]
DeepStack: folds
Uncalled bet ($50) returned to schwartz.adam
schwartz.adam collected $100 from the pot
*** SUMMARY ***
Total pot $100 | Rake $0
Seat 1: DeepStack (button) (small blind) folded before the Flop
Seat 2: schwartz.adam (big blind) collected ($100)

PokerStars Hand #5000000005: Tournament #1, Apr5_2017-at-16_31_33 Hold'em No Limit ($50/$100 USD) - 2017/04/05 18:31:37 ET
Table 'ACPC Match' 2-max Seat #2 is the button
Seat 1: DeepStack ($18450 in chips)
Seat 2: schwartz.adam ($21550 in chips)
schwartz.adam: posts small blind $50
DeepStack: posts big blind $100
*** HOLE CARDS ***
Dealt to DeepStack [Kc 3h]
Dealt to schwartz.adam [7d 9h]
schwartz.adam: raises $100 to $200
DeepStack: calls $100
*** FLOP **** [3s Th 3d]
DeepStack: checks
schwartz.adam: raises $100 to $100
DeepStack: raises $300 to $400
schwartz.adam: folds
Uncalled bet ($300) returned to DeepStack
DeepStack collected $600 from the pot
*** SUMMARY ***
Total pot $600 | Rake $0
Board [3s Th 3d]
Seat 1: DeepStack (big blind) collected ($600)
Seat 2: schwartz.adam (button) (small blind) folded on the Flop

PokerStars Hand #5000000006: Tournament #1, Apr5_2017-at-16_31_33 Hold'em No Limit ($50/$100 USD) - 2017/04/05 18:31:38 ET
Table 'ACPC Match' 2-max Seat #1 is the button
Seat 1: DeepStack ($18750 in chips)
Seat 2: schwartz.adam ($21250 in chips)
DeepStack: posts small blind $50
schwartz.adam: posts big blind $100
*** HOLE CARDS ***
Dealt to DeepStack [Kc 6h]
Dealt to schwartz.adam [Js 6d]
DeepStack: raises $100 to $200
schwartz.adam: folds
Uncalled bet ($100) returned to DeepStack
DeepStack collected $200 from the pot
*** SUMMARY ***
Total pot $200 | Rake $0
Seat 1: DeepStack (button) (small blind) collected ($200)
Seat 2: schwartz.adam (big blind) folded before the Flop

PokerStars Hand #5000000007: Tournament #1, Apr5_2017-at-16_31_33 Hold'em No Limit ($50/$100 USD) - 2017/04/05 18:31:39 ET
Table 'ACPC Match' 2-max Seat #2 is the button
Seat 1: DeepStack ($18850 in chips)
Seat 2: schwartz.adam ($21150 in chips)
schwartz.adam: posts small blind $50
DeepStack: posts big blind $100
*** HOLE CARDS ***
Dealt to DeepStack [5d 9c]
Dealt to schwartz.adam [Qc 5s]
schwartz.adam: raises $100 to $200
DeepStack: calls $100
*** FLOP **** [6s Kh Th]
DeepStack: checks
schwartz.adam: raises $200 to $200
DeepStack: folds
Uncalled bet ($200) returned to schwartz.adam
schwartz.adam collected $400 from the pot
*** SUMMARY ***
Total pot $400 | Rake $0
Board [6s Kh Th]
Seat 1: DeepStack (big blind) folded on the Flop
Seat 2: schwartz.adam (button) (small blind) collected ($400)

PokerStars Hand #5000000008: Tournament #1, Apr5_2017-at-16_31_33 Hold'em No Limit ($50/$100 USD) - 2017/04/05 18:31:40 ET
Table 'ACPC Match' 2-max Seat #1 is the button
Seat 1: DeepStack ($18650 in chips)
Seat 2: schwartz.adam ($21350 in chips)
DeepStack: posts small blind $50
schwartz.adam: posts big blind $100
*** HOLE CARDS ***
Dealt to DeepStack [Ac 7s]
Dealt to schwartz.adam [8s 6s]
DeepStack: raises $100 to $200
schwartz.adam: calls $100
*** FLOP **** [9s Ad 2d]
schwartz.adam: checks
DeepStack: checks
*** TURN **** [9h]
schwartz.adam: bets $500
DeepStack: calls $500
*** RIVER **** [5d]
schwartz.adam: checks
DeepStack: checks
*** SHOW DOWN ***
schwartz.adam: shows [8s 6s] (a pair of Nines)
DeepStack: shows [Ac 7s] (two pair, Aces and Nines)
DeepStack collected $1400 from pot
*** SUMMARY ***
Total pot $1400 | Rake $0
Board [9s Ad 2d 9h 5d]
Seat 1: DeepStack (button) (small blind) showed [Ac 7s] and won ($1400) with two pair, Aces and Nines
Seat 2: schwartz.adam (big blind) showed [8s 6s] and lost with a pair of Nines

PokerStars Hand #5000000009: Tournament #1, Apr5_2017-at-16_31_33 Hold'em No Limit ($50/$100 USD) - 2017/04/05 18:31:41 ET
Table 'ACPC Match' 2-max Seat #2 is the button
Seat 1: DeepStack ($19350 in chips)
Seat 2: schwartz.adam ($20650 in chips)
schwartz.adam: posts small blind $50
DeepStack: posts big blind $100
*** HOLE CARDS ***
Dealt to DeepStack [4c Ah]
Dealt to schwartz.adam [5c 2d]
schwartz.adam: folds
Uncalled bet ($50) returned to DeepStack
DeepStack collected $100 from the pot
*** SUMMARY ***
Total pot $100 | Rake $0
Seat 1: DeepStack (big blind) collected ($100)
Seat 2: schwartz.adam (button) (small blind) folded before the Flop

PokerStars Hand #5000000010: Tournament #1, Apr5_2017-at-16_31_33 Hold'em No Limit ($50/$100 USD) - 2017/04/05 18:31:42 ET
Table 'ACPC Match' 2-max Seat #1 is the button
Seat 1: DeepStack ($19400 in chips)
Seat 2: schwartz.adam ($20600 in chips)
DeepStack: posts small blind $50
schwartz.adam: posts big blind $100
*** HOLE CARDS ***
Dealt to DeepStack [Kc 6d]
Dealt to schwartz.adam [2h 9s]
DeepStack: calls $50
schwartz.adam: checks
*** FLOP **** [2d 5d 6c]
schwartz.adam: bets $100
DeepStack: calls $100
*** TURN **** [8d]
schwartz.adam: checks
DeepStack: raises $200 to $200
schwartz.adam: folds
Uncalled bet ($200) returned to DeepStack
DeepStack collected $400 from the pot
*** SUMMARY ***
Total pot $400 | Rake $0
Board [2d 5d 6c 8d]
Seat 1: DeepStack (button) (small blind) collected ($400)
Seat 2: schwartz.adam (big blind) folded on the Turn

PokerStars Hand #5000000011: Tournament #1, Apr5_2017-at-16_31_33 Hold'em No Limit ($75/$150 USD) - 2017/04/05 18:31:43 ET
Table 'ACPC Match' 2-max Seat #2 is the button
Seat 1: DeepStack ($19600 in chips)
Seat 2: schwartz.adam ($20400 in chips)
schwartz.adam: posts small blind $75
DeepStack: posts big blind $150
*** HOLE CARDS ***
Dealt to DeepStack [6c 2d]
Dealt to schwartz.adam [7d 3d]
schwartz.adam: raises $150 to $300
DeepStack: folds
Uncalled bet ($150) returned to schwartz.adam
schwartz.adam collected $300 from the pot
*** SUMMARY ***
Total pot $300 | Rake $0
Seat 1: DeepStack (big blind) folded before the Flop
Seat 2: schwartz.adam (button) (small blind) collected ($300)

PokerStars Hand #5000000012: Tournament #1, Apr5_2017-at-16_31_33 Hold'em No Limit ($75/$150 USD) - 2017/04/05 18:31:44 ET
Table 'ACPC Match' 2-max Seat #1 is the button
Seat 1: DeepStack ($19450 in chips)
Seat 2: schwartz.adam ($20550 in chips)
DeepStack: posts small blind $75
schwartz.adam: posts big blind $150
*** HOLE CARDS ***
Dealt to DeepStack [Jd Ah]
Dealt to schwartz.adam [Tc 3s]
DeepStack: raises $300 to $450
schwartz.adam: folds
Uncalled bet ($300) returned to DeepStack
DeepStack collected $300 from the pot
*** SUMMARY ***
Total pot $300 | Rake $0
Seat 1: DeepStack (button) (small blind) collected ($300)
Seat 2: schwartz.adam (big blind) folded before the Flop

PokerStars Hand #5000000013: Tournament #1, Apr5_2017-at-16_31_33 Hold'em No Limit ($75/$150 USD) - 2017/04/05 18:31:45 ET
Table 'ACPC Match' 2-max Seat #2 is the button
Seat 1: DeepStack ($19600 in chips)
Seat 2: schwartz.adam ($20400 in chips)
schwartz.adam: posts small blind $75
DeepStack: posts big blind $150
*** HOLE CARDS ***
Dealt to DeepStack [9s 4d]
Dealt to schwartz.adam [8s Kd]
schwartz.adam: raises $150 to $300
DeepStack: folds
Uncalled bet ($150) returned to schwartz.adam
schwartz.adam collected $300 from the pot
*** SUMMARY ***
Total pot $300 | Rake $0
Seat 1: DeepStack (big blind) folded before the Flop
Seat 2: schwartz.adam (button) (small blind) collected ($300)

PokerStars Hand #5000000014: Tournament #1, Apr5_2017-at-16_31_33 Hold'em No Limit ($75/$150 USD) - 2017/04/05 18:31:46 ET
Table 'ACPC Match' 2-max Seat #1 is the button
Seat 1: DeepStack ($19450 in chips)
Seat 2: schwartz.adam ($20550 in chips)
DeepStack: posts small blind $75
schwartz.adam: posts big blind $150
*** HOLE CARDS ***
Dealt to DeepStack [8h Js]
Dealt to schwartz.adam [3d 4h]
DeepStack: raises $300 to $450
schwartz.adam: folds
Uncalled bet ($300) returned to DeepStack
DeepStack collected $300 from the pot
*** SUMMARY ***
Total pot $300 | Rake $0
Seat 1: DeepStack (button) (small blind) collected ($300)
Seat 2: schwartz.adam (big blind) folded before the Flop

PokerStars Hand #5000000015: Tournament #1, Apr5_2017-at-16_31_33 Hold'em No Limit ($75/$150 USD) - 2017/04/05 18:31:47 ET
Table 'ACPC Match' 2-max Seat #2 is the button
Seat 1: DeepStack ($19600 in chips)
Seat 2: schwartz.adam ($20400 in chips)
schwartz.adam: posts small blind $75
DeepStack: posts big blind $150
*** HOLE CARDS ***
Dealt to DeepStack [9c 9s]
Dealt to schwartz.adam [3c Jc]
schwartz.adam: raises $150 to $300
DeepStack: raises $600 to $900
schwartz.adam: folds
Uncalled bet ($600) returned to DeepStack
DeepStack collected $600 from the pot
*** SUMMARY ***
Total pot $600 | Rake $0
Seat 1: DeepStack (big blind) collected ($600)
Seat 2: schwartz.adam (button) (small blind) folded before the Flop

PokerStars Hand #5000000016: Tournament #1, Apr5_2017-at-16_31_33 Hold'em No Limit ($75/$150 USD) - 2017/04/05 18:31:48 ET
Table 'ACPC Match' 2-max Seat #1 is the button
Seat 1: DeepStack ($19900 in chips)
Seat 2: schwartz.adam ($20100 in chips)
DeepStack: posts small blind $75
schwartz.adam: posts big blind $150
*** HOLE CARDS ***
Dealt to DeepStack [Jh Js]
Dealt to schwartz.adam [As Ks]
DeepStack: calls $75
schwartz.adam: raises $300 to $450
DeepStack: raises $900 to $1350
schwartz.adam: raises $3150 to $4500
DeepStack: calls $3150
*** FLOP **** [8c 9h 6h]
schwartz.adam: bets $150
DeepStack: calls $150
*** TURN **** [8s]
schwartz.adam: bets $150
DeepStack: calls $150
*** RIVER **** [2h]
schwartz.adam: bets $150
DeepStack: raises $9900 to $10050
schwartz.adam: folds
Uncalled bet ($9900) returned to DeepStack
DeepStack collected $9900 from the pot
*** SUMMARY ***
Total pot $9900 | Rake $0
Board [8c 9h 6h 8s 2h]
Seat 1: DeepStack (button) (small blind) collected ($9900)
Seat 2: schwartz.adam (big blind) folded on the River

PokerStars Hand #5000000017: Tournament #1, Apr5_2017-at-16_31_33 Hold'em No Limit ($75/$150 USD) - 2017/04/05 18:31:49 ET
Table 'ACPC Match' 2-max Seat #2 is the button
Seat 1: DeepStack ($24850 in chips)
Seat 2: schwartz.adam ($15150 in chips)
schwartz.adam: posts small blind $75
DeepStack: posts big blind $150
*** HOLE CARDS ***
Dealt to DeepStack [Ah Ac]
Dealt to schwartz.adam [9c 2d]
schwartz.adam: folds
Uncalled bet ($75) returned to DeepStack
DeepStack collected $150 from the pot
*** SUMMARY ***
Total pot $150 | Rake $0
Seat 1: DeepStack (big blind) collected ($150)
Seat 2: schwartz.adam (button) (small blind) folded before the Flop

PokerStars Hand #5000000018: Tournament #1, Apr5_2017-at-16_31_33 Hold'em No Limit ($75/$150 USD) - 2017/04/05 18:31:50 ET
Table 'ACPC Match' 2-max Seat #1 is the button
Seat 1: DeepStack ($24925 in chips)
Seat 2: schwartz.adam ($15075 in chips)
DeepStack: posts small blind $75
schwartz.adam: posts big blind $150
*** HOLE CARDS ***
Dealt to DeepStack [6s 9s]
Dealt to schwartz.adam [2s 5d]
DeepStack: raises $150 to $300
schwartz.adam: folds
Uncalled bet ($150) returned to DeepStack
DeepStack collected $300 from the pot
*** SUMMARY ***
Total pot $300 | Rake $0
Seat 1: DeepStack (button) (small blind) collected ($300)
Seat 2: schwartz.adam (big blind) folded before the Flop

PokerStars Hand #5000000019: Tournament #1, Apr5_2017-at-16_31_33 Hold'em No Limit ($75/$150 USD) - 2017/04/05 18:31:51 ET
Table 'ACPC Match' 2-max Seat #2 is the button
Seat 1: DeepStack ($25075 in chips)
Seat 2: schwartz.adam ($14925 in chips)
schwartz.adam: posts small blind $75
DeepStack: posts big blind $150
*** HOLE CARDS ***
Dealt to DeepStack [5c Kc]
Dealt to schwartz.adam [Tc Th]
schwartz.adam: raises $150 to $300
DeepStack: calls $150
*** FLOP **** [4d 3d 7s]
DeepStack: checks
schwartz.adam: raises $750 to $750
DeepStack: folds
Uncalled bet ($750) returned to schwartz.adam
schwartz.adam collected $600 from the pot
*** SUMMARY ***
Total pot $600 | Rake $0
Board [4d 3d 7s]
Seat 1: DeepStack (big blind) folded on the Flop
Seat 2: schwartz.adam (button) (small blind) collected ($600)

PokerStars Hand #5000000020: Tournament #1, Apr5_2017-at-16_31_33 Hold'em No Limit ($75/$150 USD) - 2017/04/05 18:31:52 ET
Table 'ACPC Match' 2-max Seat #1 is the button
Seat 1: DeepStack ($24775 in chips)
Seat 2: schwartz.adam ($15225 in chips)
DeepStack: posts small blind $75
schwartz.adam: posts big blind $150
*** HOLE CARDS ***
Dealt to DeepStack [8d 9h]
Dealt to schwartz.adam [Kc 2c]
DeepStack: raises $150 to $300
schwartz.adam: calls $150
*** FLOP **** [7d Jc Th]
schwartz.adam: checks
DeepStack: raises $300 to $300
schwartz.adam: folds
Uncalled bet ($300) returned to DeepStack
DeepStack collected $600 from the pot
*** SUMMARY ***
Total pot $600 | Rake $0
Board [7d Jc Th]
Seat 1: DeepStack (button) (small blind) collected ($600)
Seat 2: schwartz.adam (big blind) folded on the Flop

PokerStars Hand #5000000021: Tournament #1, Apr5_2017-at-16_31_33 Hold'em No Limit ($100/$200 USD) - 2017/04/05 18:31:53 ET
Table 'ACPC Match' 2-max Seat #2 is the button
Seat 1: DeepStack ($25075 in chips)
Seat 2: schwartz.adam ($14925 in chips)
schwartz.adam: posts small blind $100
DeepStack: posts big blind $200
*** HOLE CARDS ***
Dealt to DeepStack [Ad 3s]
Dealt to schwartz.adam [2d Th]
schwartz.adam: folds
Uncalled bet ($100) returned to DeepStack
DeepStack collected $200 from the pot
*** SUMMARY ***
Total pot $200 | Rake $0
Seat 1: DeepStack (big blind) collected ($200)
Seat 2: schwartz.adam (button) (small blind) folded before the Flop

PokerStars Hand #5000000022: Tournament #1, Apr5_2017-at-16_31_33 Hold'em No Limit ($100/$200 USD) - 2017/04/05 18:31:54 ET
Table 'ACPC Match' 2-max Seat #1 is the button
Seat 1: DeepStack ($25175 in chips)
Seat 2: schwartz.adam ($14825 in chips)
DeepStack: posts small blind $100
schwartz.adam: posts big blind $200
*** HOLE CARDS ***
Dealt to DeepStack [Tc 3c]
Dealt to schwartz.adam [Td Jc]
DeepStack: raises $200 to $400
schwartz.adam: calls $200
*** FLOP **** [5d Ad 8d]
schwartz.adam: checks
DeepStack: checks
*** TURN **** [As]
schwartz.adam: bets $800
DeepStack: folds
Uncalled bet ($800) returned to schwartz.adam
schwartz.adam collected $800 from the pot
*** SUMMARY ***
Total pot $800 | Rake $0
Board [5d Ad 8d As]
Seat 1: DeepStack (button) (small blind) folded on the Turn
Seat 2: schwartz.adam (big blind) collected ($800)

PokerStars Hand #5000000023: Tournament #1, Apr5_2017-at-16_31_33 Hold'em No Limit ($100/$200 USD) - 2017/04/05 18:31:55 ET
Table 'ACPC Match' 2-max Seat #2 is the button
Seat 1: DeepStack ($24775 in chips)
Seat 2: schwartz.adam ($15225 in chips)
schwartz.adam: posts small blind $100
DeepStack: posts big blind $200
*** HOLE CARDS ***
Dealt to DeepStack [2d Th]
Dealt to schwartz.adam [Qh Ks]
schwartz.adam: raises $200 to $400
DeepStack: folds
Uncalled bet ($200) returned to schwartz.adam
schwartz.adam collected $400 from the pot
*** SUMMARY ***
Total pot $400 | Rake $0
Seat 1: DeepStack (big blind) folded before the Flop
Seat 2: schwartz.adam (button) (small blind) collected ($400)

PokerStars Hand #5000000024: Tournament #1, Apr5_2017-at-16_31_33 Hold'em No Limit ($100/$200 USD) - 2017/04/05 18:31:56 ET
Table 'ACPC Match' 2-max Seat #1 is the button
Seat 1: DeepStack ($24575 in chips)
Seat 2: schwartz.adam ($15425 in chips)
DeepStack: posts small blind $100
schwartz.adam: posts big blind $200
*** HOLE CARDS ***
Dealt to DeepStack [9s 7c]
Dealt to schwartz.adam [9d 4d]
DeepStack: raises $200 to $400
schwartz.adam: calls $200
*** FLOP **** [Qc As 7h]
schwartz.adam: checks
DeepStack: raises $400 to $400
schwartz.adam: folds
Uncalled bet ($400) returned to DeepStack
DeepStack collected $800 from the pot
*** SUMMARY ***
Total pot $800 | Rake $0
Board [Qc As 7h]
Seat 1: DeepStack (button) (small blind) collected ($800)
Seat 2: schwartz.adam (big blind) folded on the Flop

PokerStars Hand #5000000025: Tournament #1, Apr5_2017-at-16_31_33 Hold'em No Limit ($100/$200 USD) - 2017/04/05 18:31:57 ET
Table 'ACPC Match' 2-max Seat #2 is the button
Seat 1: DeepStack ($24975 in chips)
Seat 2: schwartz.adam ($15025 in chips)
schwartz.adam: posts small blind $100
DeepStack: posts big blind $200
*** HOLE CARDS ***
Dealt to DeepStack [Qs As]
Dealt to schwartz.adam [2h 2d]
schwartz.adam: raises $200 to $400
DeepStack: raises $800 to $1200
schwartz.adam: calls $800
*** FLOP **** [3h Jd 4c]
DeepStack: checks
schwartz.adam: raises $200 to $200
DeepStack: calls $200
*** TURN **** [Ah]
DeepStack: checks
schwartz.adam: checks
*** RIVER **** [5h]
DeepStack: checks
schwartz.adam: raises $2200 to $2200
DeepStack: calls $2200
*** SHOW DOWN ***
schwartz.adam: shows [2h 2d] (straight, Five high)
DeepStack: shows [Qs As] (a pair of Aces)
schwartz.adam collected $7200 from pot
*** SUMMARY ***
Total pot $7200 | Rake $0
Board [3h Jd 4c Ah 5h]
Seat 1: DeepStack (big blind) showed [Qs As] and lost with a pair of Aces
Seat 2: schwartz.adam (button) (small blind) showed [2h 2d] and won ($7200) with straight, Five high

PokerStars Hand #5000000026: Tournament #1, Apr5_2017-at-16_31_33 Hold'em No Limit ($100/$200 USD) - 2017/04/05 18:31:58 ET
Table 'ACPC Match' 2-max Seat #1 is the button
Seat 1: DeepStack ($21375 in chips)
Seat 2: schwartz.adam ($18625 in chips)
DeepStack: posts small blind $100
schwartz.adam: posts big blind $200
*** HOLE CARDS ***
Dealt to DeepStack [Qc 4h]
Dealt to schwartz.adam [5d Jc]
DeepStack: calls $100
schwartz.adam: checks
*** FLOP **** [2d Qh Tc]
schwartz.adam: checks
DeepStack: raises $200 to $200
schwartz.adam: folds
Uncalled bet ($200) returned to DeepStack
DeepStack collected $400 from the pot
*** SUMMARY ***
Total pot $400 | Rake $0
Board [2d Qh Tc]
Seat 1: DeepStack (button) (small blind) collected ($400)
Seat 2: schwartz.adam (big blind) folded on the Flop

PokerStars Hand #5000000027: Tournament #1, Apr5_2017-at-16_31_33 Hold'em No Limit ($100/$200 USD) - 2017/04/05 18:31:59 ET
Table 'ACPC Match' 2-max Seat #2 is the button
Seat 1: DeepStack ($21575 in chips)
Seat 2: schwartz.adam ($18425 in chips)
schwartz.adam: posts small blind $100
DeepStack: posts big blind $200
*** HOLE CARDS ***
Dealt to DeepStack [7s 4h]
Dealt to schwartz.adam [Qd 9d]
schwartz.adam: raises $200 to $400
DeepStack: calls $200
*** FLOP **** [8h Jh 7h]
DeepStack: checks
schwartz.adam: raises $600 to $600
DeepStack: calls $600
*** TURN **** [2h]
DeepStack: checks
schwartz.adam: raises $1200 to $1200
DeepStack: calls $1200
*** RIVER **** [Qs]
DeepStack: checks
schwartz.adam: checks
*** SHOW DOWN ***
DeepStack: shows [7s 4h] (flush, Jack high)
schwartz.adam: shows [Qd 9d] (a pair of Queens)
DeepStack collected $4400 from pot
*** SUMMARY ***
Total pot $4400 | Rake $0
Board [8h Jh 7h 2h Qs]
Seat 1: DeepStack (big blind) showed [7s 4h] and won ($4400) with flush, Jack high
Seat 2: schwartz.adam (button) (small blind) showed [Qd 9d] and lost with a pair of Queens

PokerStars Hand #5000000028: Tournament #1, Apr5_2017-at-16_31_33 Hold'em No Limit ($100/$200 USD) - 2017/04/05 18:32:00 ET
Table 'ACPC Match' 2-max Seat #1 is the button
Seat 1: DeepStack ($23775 in chips)
Seat 2: schwartz.adam ($16225 in chips)
DeepStack: posts small blind $100
schwartz.adam: posts big blind $200
*** HOLE CARDS ***
Dealt to DeepStack [Ad Ks]
Dealt to schwartz.adam [Td 9s]
DeepStack: raises $400 to $600
schwartz.adam: calls $400
*** FLOP **** [8d 6d 9c]
schwartz.adam: bets $1000
DeepStack: raises $1600 to $2600
schwartz.adam: calls $1600
*** TURN **** [Ac]
schwartz.adam: checks
DeepStack: checks
*** RIVER **** [Qd]
schwartz.adam: checks
DeepStack: checks
*** SHOW DOWN ***
schwartz.adam: shows [Td 9s] (a pair of Nines)
DeepStack: shows [Ad Ks] (a pair of Aces)
DeepStack collected $6400 from pot
*** SUMMARY ***
Total pot $6400 | Rake $0
Board [8d 6d 9c Ac Qd]
Seat 1: DeepStack (button) (small blind) showed [Ad Ks] and won ($6400) with a pair of Aces
Seat 2: schwartz.adam (big blind) showed [Td 9s] and lost with a pair of Nines

PokerStars Hand #5000000029: Tournament #1, Apr5_2017-at-16_31_33 Hold'em No Limit ($100/$200 USD) - 2017/04/05 18:32:01 ET
Table 'ACPC Match' 2-max Seat #2 is the button
Seat 1: DeepStack ($26975 in chips)
Seat 2: schwartz.adam ($13025 in chips)
schwartz.adam: posts small blind $100
DeepStack: posts big blind $200
*** HOLE CARDS ***
Dealt to DeepStack [Ad Qd]
Dealt to schwartz.adam [Ah 8s]
schwartz.adam: raises $200 to $400
DeepStack: raises $800 to $1200
schwartz.adam: raises $11825 to $13025 and is all-in
DeepStack: calls $11825
*** FLOP **** [4h 3d 6s]
*** TURN **** [Js]
*** RIVER **** [7c]
*** SHOW DOWN ***
schwartz.adam: shows [Ah 8s] (Ace high)
DeepStack: shows [Ad Qd] (Ace high)
DeepStack collected $26050 from pot
*** SUMMARY ***
Total pot $26050 | Rake $0
Board [4h 3d 6s Js 7c]
Seat 1: DeepStack (big blind) showed [Ad Qd] and won ($26050) with Ace high
Seat 2: schwartz.adam (button) (small blind) showed [Ah 8s] and lost with Ace high
PokerStars Hand #5000100001: Tournament #2, Apr5_2017-at-16_46_43 Hold'em No Limit ($50/$100 USD) - 2017/04/05 18:46:43 ET
Table 'ACPC Match' 2-max Seat #2 is the button
Seat 1: DeepStack ($20000 in chips)
Seat 2: schwartz.adam ($20000 in chips)
schwartz.adam: posts small blind $50
DeepStack: posts big blind $100
*** HOLE CARDS ***
Dealt to DeepStack [Jh 8s]
Dealt to schwartz.adam [Ks Ad]
schwartz.adam: raises $100 to $200
DeepStack: calls $100
*** FLOP **** [8c 3s 5c]
DeepStack: checks
schwartz.adam: raises $200 to $200
DeepStack: calls $200
*** TURN **** [5s]
DeepStack: checks
schwartz.adam: raises $200 to $200
DeepStack: calls $200
*** RIVER **** [7s]
DeepStack: checks
schwartz.adam: checks
*** SHOW DOWN ***
DeepStack: shows [Jh 8s] (two pair, Eights and Fives)
schwartz.adam: shows [Ks Ad] (a pair of Fives)
DeepStack collected $1200 from pot
*** SUMMARY ***
Total pot $1200 | Rake $0
Board [8c 3s 5c 5s 7s]
Seat 1: DeepStack (big blind) showed [Jh 8s] and won ($1200) with two pair, Eights and Fives
Seat 2: schwartz.adam (button) (small blind) showed [Ks Ad] and lost with a pair of Fives

PokerStars Hand #5000100002: Tournament #2, Apr5_2017-at-16_46_43 Hold'em No Limit ($50/$100 USD) - 2017/04/05 18:46:44 ET
Table 'ACPC Match' 2-max Seat #1 is the button
Seat 1: DeepStack ($20600 in chips)
Seat 2: schwartz.adam ($19400 in chips)
DeepStack: posts small blind $50
schwartz.adam: posts big blind $100
*** HOLE CARDS ***
Dealt to DeepStack [As 8d]
Dealt to schwartz.adam [4c 7d]
DeepStack: raises $200 to $300
schwartz.adam: folds
Uncalled bet ($200) returned to DeepStack
DeepStack collected $200 from the pot
*** SUMMARY ***
Total pot $200 | Rake $0
Seat 1: DeepStack (button) (small blind) collected ($200)
Seat 2: schwartz.adam (big blind) folded before the Flop

PokerStars Hand #5000100003: Tournament #2, Apr5_2017-at-16_46_43 Hold'em No Limit ($50/$100 USD) - 2017/04/05 18:46:45 ET
Table 'ACPC Match' 2-max Seat #2 is the button
Seat 1: DeepStack ($20700 in chips)
Seat 2: schwartz.adam ($19300 in chips)
schwartz.adam: posts small blind $50
DeepStack: posts big blind $100
*** HOLE CARDS ***
Dealt to DeepStack [9c 9h]
Dealt to schwartz.adam [Ac 3c]
schwartz.adam: raises $100 to $200
DeepStack: raises $400 to $600
schwartz.adam: calls $400
*** FLOP **** [Qh Td 8s]
DeepStack: checks
schwartz.adam: checks
*** TURN **** [7d]
DeepStack: checks
schwartz.adam: raises $800 to $800
DeepStack: calls $800
*** RIVER **** [Th]
DeepStack: checks
schwartz.adam: raises $2800 to $2800
DeepStack: calls $2800
*** SHOW DOWN ***
schwartz.adam: shows [Ac 3c] (a pair of Tens)
DeepStack: shows [9c 9h] (two pair, Tens and Nines)
DeepStack collected $8400 from pot
*** SUMMARY ***
Total pot $8400 | Rake $0
Board [Qh Td 8s 7d Th]
Seat 1: DeepStack (big blind) showed [9c 9h] and won ($8400) with two pair, Tens and Nines
Seat 2: schwartz.adam (button) (small blind) showed [Ac 3c] and lost with a pair of Tens

PokerStars Hand #5000100004: Tournament #2, Apr5_2017-at-16_46_43 Hold'em No Limit ($50/$100 USD) - 2017/04/05 18:46:46 ET
Table 'ACPC Match' 2-max Seat #1 is the button
Seat 1: DeepStack ($24900 in chips)
Seat 2: schwartz.adam ($15100 in chips)
DeepStack: posts small blind $50
schwartz.adam: posts big blind $100
*** HOLE CARDS ***
Dealt to DeepStack [Qs 7c]
Dealt to schwartz.adam [As Jd]
DeepStack: raises $200 to $300
schwartz.adam: raises $700 to $1000
DeepStack: folds
Uncalled bet ($700) returned to schwartz.adam
schwartz.adam collected $600 from the pot
*** SUMMARY ***
Total pot $600 | Rake $0
Seat 1: DeepStack (button) (small blind) folded before the Flop
Seat 2: schwartz.adam (big blind) collected ($600)

PokerStars Hand #5000100005: Tournament #2, Apr5_2017-at-16_46_43 Hold'em No Limit ($50/$100 USD) - 2017/04/05 18:46:47 ET
Table 'ACPC Match' 2-max Seat #2 is the button
Seat 1: DeepStack ($24600 in chips)
Seat 2: schwartz.adam ($15400 in chips)
schwartz.adam: posts small blind $50
DeepStack: posts big blind $100
*** HOLE CARDS ***
Dealt to DeepStack [6h 7s]
Dealt to schwartz.adam [5d Qc]
schwartz.adam: raises $100 to $200
DeepStack: calls $100
*** FLOP **** [Ts 4c 9h]
DeepStack: checks
schwartz.adam: checks
*** TURN **** [Qs]
DeepStack: checks
schwartz.adam: raises $300 to $300
DeepStack: folds
Uncalled bet ($300) returned to schwartz.adam
schwartz.adam collected $400 from the pot
*** SUMMARY ***
Total pot $400 | Rake $0
Board [Ts 4c 9h Qs]
Seat 1: DeepStack (big blind) folded on the Turn
Seat 2: schwartz.adam (button) (small blind) collected ($400)

PokerStars Hand #5000100006: Tournament #2, Apr5_2017-at-16_46_43 Hold'em No Limit ($50/$100 USD) - 2017/04/05 18:46:48 ET
Table 'ACPC Match' 2-max Seat #1 is the button
Seat 1: DeepStack ($24400 in chips)
Seat 2: schwartz.adam ($15600 in chips)
DeepStack: posts small blind $50
schwartz.adam: posts big blind $100
*** HOLE CARDS ***
Dealt to DeepStack [Kc 7d]
Dealt to schwartz.adam [8s Kh]
DeepStack: raises $100 to $200
schwartz.adam: calls $100
*** FLOP **** [8h 2h 6s]
schwartz.adam: bets $300
DeepStack: folds
Uncalled bet ($300) returned to schwartz.adam
schwartz.adam collected $400 from the pot
*** SUMMARY ***
Total pot $400 | Rake $0
Board [8h 2h 6s]
Seat 1: DeepStack (button) (small blind) folded on the Flop
Seat 2: schwartz.adam (big blind) collected ($400)

PokerStars Hand #5000100007: Tournament #2, Apr5_2017-at-16_46_43 Hold'em No Limit ($50/$100 USD) - 2017/04/05 18:46:49 ET
Table 'ACPC Match' 2-max Seat #2 is the button
Seat 1: DeepStack ($24200 in chips)
Seat 2: schwartz.adam ($15800 in chips)
schwartz.adam: posts small blind $50
DeepStack: posts big blind $100
*** HOLE CARDS ***
Dealt to DeepStack [6s 2s]
Dealt to schwartz.adam [6c 7d]
schwartz.adam: raises $200 to $300
DeepStack: folds
Uncalled bet ($200) returned to schwartz.adam
schwartz.adam collected $200 from the pot
*** SUMMARY ***
Total pot $200 | Rake $0
Seat 1: DeepStack (big blind) folded before the Flop
Seat 2: schwartz.adam (button) (small blind) collected ($200)

PokerStars Hand #5000100008: Tournament #2, Apr5_2017-at-16_46_43 Hold'em No Limit ($50/$100 USD) - 2017/04/05 18:46:50 ET
Table 'ACPC Match' 2-max Seat #1 is the button
Seat 1: DeepStack ($24100 in chips)
Seat 2: schwartz.adam ($15900 in chips)
DeepStack: posts small blind $50
schwartz.adam: posts big blind $100
*** HOLE CARDS ***
Dealt to DeepStack [5d 9h]
Dealt to schwartz.adam [2s 2c]
DeepStack: calls $50
schwartz.adam: raises $200 to $300
DeepStack: folds
Uncalled bet ($200) returned to schwartz.adam
schwartz.adam collected $200 from the pot
*** SUMMARY ***
Total pot $200 | Rake $0
Seat 1: DeepStack (button) (small blind) folded before the Flop
Seat 2: schwartz.adam (big blind) collected ($200)

PokerStars Hand #5000100009: Tournament #2, Apr5_2017-at-16_46_43 Hold'em No Limit ($50/$100 USD) - 2017/04/05 18:46:51 ET
Table 'ACPC Match' 2-max Seat #2 is the button
Seat 1: DeepStack ($24000 in chips)
Seat 2: schwartz.adam ($16000 in chips)
schwartz.adam: posts small blind $50
DeepStack: posts big blind $100
*** HOLE CARDS ***
Dealt to DeepStack [5c Jc]
Dealt to schwartz.adam [9h Qh]
schwartz.adam: raises $200 to $300
DeepStack: calls $200
*** FLOP **** [Ad 2d Ah]
DeepStack: checks
schwartz.adam: checks
*** TURN **** [5s]
DeepStack: checks
schwartz.adam: checks
*** RIVER **** [Ac]
DeepStack: checks
schwartz.adam: checks
*** SHOW DOWN ***
DeepStack: shows [5c Jc] (full house, Aces and Fives)
schwartz.adam: shows [9h Qh] (three of a kind, Aces)
DeepStack collected $600 from pot
*** SUMMARY ***
Total pot $600 | Rake $0
Board [Ad 2d Ah 5s Ac]
Seat 1: DeepStack (big blind) showed [5c Jc] and won ($600) with full house, Aces and Fives
Seat 2: schwartz.adam (button) (small blind) showed [9h Qh] and lost with three of a kind, Aces

PokerStars Hand #5000100010: Tournament #2, Apr5_2017-at-16_46_43 Hold'em No Limit ($50/$100 USD) - 2017/04/05 18:46:52 ET
Table 'ACPC Match' 2-max Seat #1 is the button
Seat 1: DeepStack ($24300 in chips)
Seat 2: schwartz.adam ($15700 in chips)
DeepStack: posts small blind $50
schwartz.adam: posts big blind $100
*** HOLE CARDS ***
Dealt to DeepStack [3s Qs]
Dealt to schwartz.adam [Ah 6d]
DeepStack: calls $50
schwartz.adam: raises $200 to $300
DeepStack: calls $200
*** FLOP **** [4c 4s Jd]
schwartz.adam: bets $100
DeepStack: calls $100
*** TURN **** [Jc]
schwartz.adam: bets $100
DeepStack: folds
Uncalled bet ($100) returned to schwartz.adam
schwartz.adam collected $800 from the pot
*** SUMMARY ***
Total pot $800 | Rake $0
Board [4c 4s Jd Jc]
Seat 1: DeepStack (button) (small blind) folded on the Turn
Seat 2: schwartz.adam (big blind) collected ($800)

PokerStars Hand #5000100011: Tournament #2, Apr5_2017-at-16_46_43 Hold'em No Limit ($75/$150 USD) - 2017/04/05 18:46:53 ET
Table 'ACPC Match' 2-max Seat #2 is the button
Seat 1: DeepStack ($23900 in chips)
Seat 2: schwartz.adam ($16100 in chips)
schwartz.adam: posts small blind $75
DeepStack: posts big blind $150
*** HOLE CARDS ***
Dealt to DeepStack [3d 2s]
Dealt to schwartz.adam [4s Td]
schwartz.adam: folds
Uncalled bet ($75) returned to DeepStack
DeepStack collected $150 from the pot
*** SUMMARY ***
Total pot $150 | Rake $0
Seat 1: DeepStack (big blind) collected ($150)
Seat 2: schwartz.adam (button) (small blind) folded before the Flop

PokerStars Hand #5000100012: Tournament #2, Apr5_2017-at-16_46_43 Hold'em No Limit ($75/$150 USD) - 2017/04/05 18:46:54 ET
Table 'ACPC Match' 2-max Seat #1 is the button
Seat 1: DeepStack ($23975 in chips)
Seat 2: schwartz.adam ($16025 in chips)
DeepStack: posts small blind $75
schwartz.adam: posts big blind $150
*** HOLE CARDS ***
Dealt to DeepStack [7d Jh]
Dealt to schwartz.adam [3c Qh]
DeepStack: raises $150 to $300
schwartz.adam: calls $150
*** FLOP **** [6c 4c Qs]
schwartz.adam: checks
DeepStack: checks
*** TURN **** [9d]
schwartz.adam: bets $600
DeepStack: folds
Uncalled bet ($600) returned to schwartz.adam
schwartz.adam collected $600 from the pot
*** SUMMARY ***
Total pot $600 | Rake $0
Board [6c 4c Qs 9d]
Seat 1: DeepStack (button) (small blind) folded on the Turn
Seat 2: schwartz.adam (big blind) collected ($600)

PokerStars Hand #5000100013: Tournament #2, Apr5_2017-at-16_46_43 Hold'em No Limit ($75/$150 USD) - 2017/04/05 18:46:55 ET
Table 'ACPC Match' 2-max Seat #2 is the button
Seat 1: DeepStack ($23675 in chips)
Seat 2: schwartz.adam ($16325 in chips)
schwartz.adam: posts small blind $75
DeepStack: posts big blind $150
*** HOLE CARDS ***
Dealt to DeepStack [2h 8d]
Dealt to schwartz.adam [Qd 8s]
schwartz.adam: raises $150 to $300
DeepStack: folds
Uncalled bet ($150) returned to schwartz.adam
schwartz.adam collected $300 from the pot
*** SUMMARY ***
Total pot $300 | Rake $0
Seat 1: DeepStack (big blind) folded before the Flop
Seat 2: schwartz.adam (button) (small blind) collected ($300)

PokerStars Hand #5000100014: Tournament #2, Apr5_2017-at-16_46_43 Hold'em No Limit ($75/$150 USD) - 2017/04/05 18:46:56 ET
Table 'ACPC Match' 2-max Seat #1 is the button
Seat 1: DeepStack ($23525 in chips)
Seat 2: schwartz.adam ($16475 in chips)
DeepStack: posts small blind $75
schwartz.adam: posts big blind $150
*** HOLE CARDS ***
Dealt to DeepStack [Qd 9h]
Dealt to schwartz.adam [5s 7s]
DeepStack: raises $150 to $300
schwartz.adam: calls $150
*** FLOP **** [Jc Td 9c]
schwartz.adam: checks
DeepStack: raises $300 to $300
schwartz.adam: folds
Uncalled bet ($300) returned to DeepStack
DeepStack collected $600 from the pot
*** SUMMARY ***
Total pot $600 | Rake $0
Board [Jc Td 9c]
Seat 1: DeepStack (button) (small blind) collected ($600)
Seat 2: schwartz.adam (big blind) folded on the Flop

PokerStars Hand #5000100015: Tournament #2, Apr5_2017-at-16_46_43 Hold'em No Limit ($75/$150 USD) - 2017/04/05 18:46:57 ET
Table 'ACPC Match' 2-max Seat #2 is the button
Seat 1: DeepStack ($23825 in chips)
Seat 2: schwartz.adam ($16175 in chips)
schwartz.adam: posts small blind $75
DeepStack: posts big blind $150
*** HOLE CARDS ***
Dealt to DeepStack [7d 5h]
Dealt to schwartz.adam [8h 8c]
schwartz.adam: raises $300 to $450
DeepStack: folds
Uncalled bet ($300) returned to schwartz.adam
schwartz.adam collected $300 from the pot
*** SUMMARY ***
Total pot $300 | Rake $0
Seat 1: DeepStack (big blind) folded before the Flop
Seat 2: schwartz.adam (button) (small blind) collected ($300)

PokerStars Hand #5000100016: Tournament #2, Apr5_2017-at-16_46_43 Hold'em No Limit ($75/$150 USD) - 2017/04/05 18:46:58 ET
Table 'ACPC Match' 2-max Seat #1 is the button
Seat 1: DeepStack ($23675 in chips)
Seat 2: schwartz.adam ($16325 in chips)
DeepStack: posts small blind $75
schwartz.adam: posts big blind $150
*** HOLE CARDS ***
Dealt to DeepStack [7c 2d]
Dealt to schwartz.adam [Ks 2c]
DeepStack: folds
Uncalled bet ($75) returned to schwartz.adam
schwartz.adam collected $150 from the pot
*** SUMMARY ***
Total pot $150 | Rake $0
Seat 1: DeepStack (button) (small blind) folded before the Flop
Seat 2: schwartz.adam (big blind) collected ($150)

PokerStars Hand #5000100017: Tournament #2, Apr5_2017-at-16_46_43 Hold'em No Limit ($75/$150 USD) - 2017/04/05 18:46:59 ET
Table 'ACPC Match' 2-max Seat #2 is the button
Seat 1: DeepStack ($23600 in chips)
Seat 2: schwartz.adam ($16400 in chips)
schwartz.adam: posts small blind $75
DeepStack: posts big blind $150
*** HOLE CARDS ***
Dealt to DeepStack [Ah Qd]
Dealt to schwartz.adam [7c 3h]
schwartz.adam: folds
Uncalled bet ($75) returned to DeepStack
DeepStack collected $150 from the pot
*** SUMMARY ***
Total pot $150 | Rake $0
Seat 1: DeepStack (big blind) collected ($150)
Seat 2: schwartz.adam (button) (small blind) folded before the Flop

PokerStars Hand #5000100018: Tournament #2, Apr5_2017-at-16_46_43 Hold'em No Limit ($75/$150 USD) - 2017/04/05 18:47:00 ET
Table 'ACPC Match' 2-max Seat #1 is the button
Seat 1: DeepStack ($23675 in chips)
Seat 2: schwartz.adam ($16325 in chips)
DeepStack: posts small blind $75
schwartz.adam: posts big blind $150
*** HOLE CARDS ***
Dealt to DeepStack [4h Qh]
Dealt to schwartz.adam [4d 5d]
DeepStack: calls $75
schwartz.adam: checks
*** FLOP **** [As Ts 5h]
schwartz.adam: checks
DeepStack: checks
*** TURN **** [Jc]
schwartz.adam: checks
DeepStack: checks
*** RIVER **** [6c]
schwartz.adam: checks
DeepStack: checks
*** SHOW DOWN ***
schwartz.adam: shows [4d 5d] (a pair of Fives)
DeepStack: shows [4h Qh] (Ace high)
schwartz.adam collected $300 from pot
*** SUMMARY ***
Total pot $300 | Rake $0
Board [As Ts 5h Jc 6c]
Seat 1: DeepStack (button) (small blind) showed [4h Qh] and lost with Ace high
Seat 2: schwartz.adam (big blind) showed [4d 5d] and won ($300) with a pair of Fives

PokerStars Hand #5000100019: Tournament #2, Apr5_2017-at-16_46_43 Hold'em No Limit ($75/$150 USD) - 2017/04/05 18:47:01 ET
Table 'ACPC Match' 2-max Seat #2 is the button
Seat 1: DeepStack ($23525 in chips)
Seat 2: schwartz.adam ($16475 in chips)
schwartz.adam: posts small blind $75
DeepStack: posts big blind $150
*** HOLE CARDS ***
Dealt to DeepStack [Ac 7s]
Dealt to schwartz.adam [3s Qs]
schwartz.adam: raises $150 to $300
DeepStack: calls $150
*** FLOP **** [7h Tc 8s]
DeepStack: checks
schwartz.adam: checks
*** TURN **** [6d]
DeepStack: checks
schwartz.adam: checks
*** RIVER **** [3h]
DeepStack: checks
schwartz.adam: checks
*** SHOW DOWN ***
DeepStack: shows [Ac 7s] (a pair of Sevens)
schwartz.adam: shows [3s Qs] (a pair of Threes)
DeepStack collected $600 from pot
*** SUMMARY ***
Total pot $600 | Rake $0
Board [7h Tc 8s 6d 3h]
Seat 1: DeepStack (big blind) showed [Ac 7s] and won ($600) with a pair of Sevens
Seat 2: schwartz.adam (button) (small blind) showed [3s Qs] and lost with a pair of Threes

PokerStars Hand #5000100020: Tournament #2, Apr5_2017-at-16_46_43 Hold'em No Limit ($75/$150 USD) - 2017/04/05 18:47:02 ET
Table 'ACPC Match' 2-max Seat #1 is the button
Seat 1: DeepStack ($23825 in chips)
Seat 2: schwartz.adam ($16175 in chips)
DeepStack: posts small blind $75
schwartz.adam: posts big blind $150
*** HOLE CARDS ***
Dealt to DeepStack [3d Kd]
Dealt to schwartz.adam [9c 8h]
DeepStack: raises $300 to $450
schwartz.adam: calls $300
*** FLOP **** [7s Kh 9h]
schwartz.adam: checks
DeepStack: checks
*** TURN **** [As]
schwartz.adam: bets $300
DeepStack: calls $300
*** RIVER **** [6d]
schwartz.adam: checks
DeepStack: checks
*** SHOW DOWN ***
schwartz.adam: shows [9c 8h] (a pair of Nines)
DeepStack: shows [3d Kd] (a pair of Kings)
DeepStack collected $1500 from pot
*** SUMMARY ***
Total pot $1500 | Rake $0
Board [7s Kh 9h As 6d]
Seat 1: DeepStack (button) (small blind) showed [3d Kd] and won ($1500) with a pair of Kings
Seat 2: schwartz.adam (big blind) showed [9c 8h] and lost with a pair of Nines

PokerStars Hand #5000100021: Tournament #2, Apr5_2017-at-16_46_43 Hold'em No Limit ($100/$200 USD) - 2017/04/05 18:47:03 ET
Table 'ACPC Match' 2-max Seat #2 is the button
Seat 1: DeepStack ($24575 in chips)
Seat 2: schwartz.adam ($15425 in chips)
schwartz.adam: posts small blind $100
DeepStack: posts big blind $200
*** HOLE CARDS ***
Dealt to DeepStack [Ad Th]
Dealt to schwartz.adam [8d 6s]
schwartz.adam: raises $200 to $400
DeepStack: raises $800 to $1200
schwartz.adam: folds
Uncalled bet ($800) returned to DeepStack
DeepStack collected $800 from the pot
*** SUMMARY ***
Total pot $800 | Rake $0
Seat 1: DeepStack (big blind) collected ($800)
Seat 2: schwartz.adam (button) (small blind) folded before the Flop

PokerStars Hand #5000100022: Tournament #2, Apr5_2017-at-16_46_43 Hold'em No Limit ($100/$200 USD) - 2017/04/05 18:47:04 ET
Table 'ACPC Match' 2-max Seat #1 is the button
Seat 1: DeepStack ($24975 in chips)
Seat 2: schwartz.adam ($15025 in chips)
DeepStack: posts small blind $100
schwartz.adam: posts big blind $200
*** HOLE CARDS ***
Dealt to DeepStack [7d 5c]
Dealt to schwartz.adam [3h Qc]
DeepStack: raises $400 to $600
schwartz.adam: folds
Uncalled bet ($400) returned to DeepStack
DeepStack collected $400 from the pot
*** SUMMARY ***
Total pot $400 | Rake $0
Seat 1: DeepStack (button) (small blind) collected ($400)
Seat 2: schwartz.adam (big blind) folded before the Flop

PokerStars Hand #5000100023: Tournament #2, Apr5_2017-at-16_46_43 Hold'em No Limit ($100/$200 USD) - 2017/04/05 18:47:05 ET
Table 'ACPC Match' 2-max Seat #2 is the button
Seat 1: DeepStack ($25175 in chips)
Seat 2: schwartz.adam ($14825 in chips)
schwartz.adam: posts small blind $100
DeepStack: posts big blind $200
*** HOLE CARDS ***
Dealt to DeepStack [6d Kd]
Dealt to schwartz.adam [3d 2d]
schwartz.adam: folds
Uncalled bet ($100) returned to DeepStack
DeepStack collected $200 from the pot
*** SUMMARY ***
Total pot $200 | Rake $0
Seat 1: DeepStack (big blind) collected ($200)
Seat 2: schwartz.adam (button) (small blind) folded before the Flop

PokerStars Hand #5000100024: Tournament #2, Apr5_2017-at-16_46_43 Hold'em No Limit ($100/$200 USD) - 2017/04/05 18:47:06 ET
Table 'ACPC Match' 2-max Seat #1 is the button
Seat 1: DeepStack ($25275 in chips)
Seat 2: schwartz.adam ($14725 in chips)
DeepStack: posts small blind $100
schwartz.adam: posts big blind $200
*** HOLE CARDS ***
Dealt to DeepStack [4d 5d]
Dealt to schwartz.adam [8c Kc]
DeepStack: raises $400 to $600
schwartz.adam: calls $400
*** FLOP **** [Jd 2s 5s]
schwartz.adam: checks
DeepStack: raises $600 to $600
schwartz.adam: folds
Uncalled bet ($600) returned to DeepStack
DeepStack collected $1200 from the pot
*** SUMMARY ***
Total pot $1200 | Rake $0
Board [Jd 2s 5s]
Seat 1: DeepStack (button) (small blind) collected ($1200)
Seat 2: schwartz.adam (big blind) folded on the Flop

PokerStars Hand #5000100025: Tournament #2, Apr5_2017-at-16_46_43 Hold'em No Limit ($100/$200 USD) - 2017/04/05 18:47:07 ET
Table 'ACPC Match' 2-max Seat #2 is the button
Seat 1: DeepStack ($25875 in chips)
Seat 2: schwartz.adam ($14125 in chips)
schwartz.adam: posts small blind $100
DeepStack: posts big blind $200
*** HOLE CARDS ***
Dealt to DeepStack [7c Jc]
Dealt to schwartz.adam [Qc Ac]
schwartz.adam: raises $400 to $600
DeepStack: raises $1200 to $1800
schwartz.adam: raises $3000 to $4800
DeepStack: folds
Uncalled bet ($3000) returned to schwartz.adam
schwartz.adam collected $3600 from the pot
*** SUMMARY ***
Total pot $3600 | Rake $0
Seat 1: DeepStack (big blind) folded before the Flop
Seat 2: schwartz.adam (button) (small blind) collected ($3600)

PokerStars Hand #5000100026: Tournament #2, Apr5_2017-at-16_46_43 Hold'em No Limit ($100/$200 USD) - 2017/04/05 18:47:08 ET
Table 'ACPC Match' 2-max Seat #1 is the button
Seat 1: DeepStack ($24075 in chips)
Seat 2: schwartz.adam ($15925 in chips)
DeepStack: posts small blind $100
schwartz.adam: posts big blind $200
*** HOLE CARDS ***
Dealt to DeepStack [3h 5c]
Dealt to schwartz.adam [7h Jd]
DeepStack: raises $200 to $400
schwartz.adam: calls $200
*** FLOP **** [3c Ad 4d]
schwartz.adam: checks
DeepStack: checks
*** TURN **** [6d]
schwartz.adam: bets $800
DeepStack: calls $800
*** RIVER **** [8h]
schwartz.adam: bets $1600
DeepStack: raises $13125 to $14725
schwartz.adam: folds
Uncalled bet ($13125) returned to DeepStack
DeepStack collected $5600 from the pot
*** SUMMARY ***
Total pot $5600 | Rake $0
Board [3c Ad 4d 6d 8h]
Seat 1: DeepStack (button) (small blind) collected ($5600)
Seat 2: schwartz.adam (big blind) folded on the River

PokerStars Hand #5000100027: Tournament #2, Apr5_2017-at-16_46_43 Hold'em No Limit ($100/$200 USD) - 2017/04/05 18:47:09 ET
Table 'ACPC Match' 2-max Seat #2 is the button
Seat 1: DeepStack ($26875 in chips)
Seat 2: schwartz.adam ($13125 in chips)
schwartz.adam: posts small blind $100
DeepStack: posts big blind $200
*** HOLE CARDS ***
Dealt to DeepStack [2d 7s]
Dealt to schwartz.adam [2h 9d]
schwartz.adam: folds
Uncalled bet ($100) returned to DeepStack
DeepStack collected $200 from the pot
*** SUMMARY ***
Total pot $200 | Rake $0
Seat 1: DeepStack (big blind) collected ($200)
Seat 2: schwartz.adam (button) (small blind) folded before the Flop

PokerStars Hand #5000100028: Tournament #2, Apr5_2017-at-16_46_43 Hold'em No Limit ($100/$200 USD) - 2017/04/05 18:47:10 ET
Table 'ACPC Match' 2-max Seat #1 is the button
Seat 1: DeepStack ($26975 in chips)
Seat 2: schwartz.adam ($13025 in chips)
DeepStack: posts small blind $100
schwartz.adam: posts big blind $200
*** HOLE CARDS ***
Dealt to DeepStack [Ad Td]
Dealt to schwartz.adam [Tc Ts]
DeepStack: raises $400 to $600
schwartz.adam: raises $1400 to $2000
DeepStack: calls $1400
*** FLOP **** [8d 7s 4d]
schwartz.adam: bets $3200
DeepStack: raises $7825 to $11025
schwartz.adam: calls $7825 and is all-in
*** TURN **** [9d]
*** RIVER **** [3h]
*** SHOW DOWN ***
DeepStack: shows [Ad Td] (flush, Ace high)
schwartz.adam: shows [Tc Ts] (a pair of Tens)
DeepStack collected $26050 from pot
*** SUMMARY ***
Total pot $26050 | Rake $0
Board [8d 7s 4d 9d 3h]
Seat 1: DeepStack (button) (small blind) showed [Ad Td] and won ($26050) with flush, Ace high
Seat 2: schwartz.adam (big blind) showed [Tc Ts] and lost with a pair of Tens

