PokerStars Hand #1:  Hold'em No Limit ($100/$200 USD) - 2016/11/14 06:51:51 ET
Table 'ACPC Match' 2-max Seat #2 is the button
Seat 1: fedor.holz ($20000 in chips)
Seat 2: wiktor.malinowski ($20000 in chips)
wiktor.malinowski: posts small blind $100
fedor.holz: posts big blind $200
*** HOLE CARDS ***
Dealt to fedor.holz [Js 9h]
Dealt to wiktor.malinowski [Jc 5s]
wiktor.malinowski: raises $400 to $500
fedor.holz: calls $300
*** FLOP **** [7h Qs Ks]
fedor.holz: checks
wiktor.malinowski: bets $300
fedor.holz: calls $300
*** TURN **** [5c]
fedor.holz: checks
wiktor.malinowski: checks
*** RIVER **** [jh]
fedor.holz: bets $400
wiktor.malinowski: raises $1880 to $2280
fedor.holz: folds
*** SUMMARY ***

PokerStars Hand #2:  Hold'em No Limit ($100/$200 USD) - 2016/11/14 06:51:51 ET
Table 'ACPC Match' 2-max Seat #1 is the button
Seat 1: fedor.holz ($20000 in chips)
Seat 2: wiktor.malinowski ($20000 in chips)
fedor.holz: posts small blind $100
wiktor.malinowski: posts big blind $200
*** HOLE CARDS ***
Dealt to fedor.holz [7c Ts]
Dealt to wiktor.malinowski [9s 6c]
fedor.holz: raises $400 to $500
wiktor.malinowski: calls $300
*** FLOP **** [9d Tc Qs]
wiktor.malinowski: checks
fedor.holz: checks
*** TURN **** [3d]
wiktor.malinowski: checks
fedor.holz: checks
*** RIVER **** [3s]
wiktor.malinowski: checks
fedor.holz: bets $700
wiktor.malinowski: calls $700
*** SUMMARY ***

PokerStars Hand #3:  Hold'em No Limit ($100/$200 USD) - 2016/11/14 06:51:51 ET
Table 'ACPC Match' 2-max Seat #2 is the button
Seat 1: fedor.holz ($20000 in chips)
Seat 2: wiktor.malinowski ($20000 in chips)
wiktor.malinowski: posts small blind $100
fedor.holz: posts big blind $200
*** HOLE CARDS ***
Dealt to fedor.holz [3s Ah]
Dealt to wiktor.malinowski [4c 7c]
wiktor.malinowski: raises $400 to $500
fedor.holz: calls $300
*** FLOP **** [8h 9h 6h]
fedor.holz: checks
wiktor.malinowski: bets $260
fedor.holz: raises $561 to $761
wiktor.malinowski: folds
*** SUMMARY ***

PokerStars Hand #4:  Hold'em No Limit ($100/$200 USD) - 2016/11/14 06:51:51 ET
Table 'ACPC Match' 2-max Seat #1 is the button
Seat 1: fedor.holz ($20000 in chips)
Seat 2: wiktor.malinowski ($20000 in chips)
fedor.holz: posts small blind $100
wiktor.malinowski: posts big blind $200
*** HOLE CARDS ***
Dealt to fedor.holz [4d Kc]
Dealt to wiktor.malinowski [7h 7d]
fedor.holz: raises $400 to $500
wiktor.malinowski: raises $1800 to $2000
fedor.holz: folds
*** SUMMARY ***

PokerStars Hand #5:  Hold'em No Limit ($100/$200 USD) - 2016/11/14 06:51:51 ET
Table 'ACPC Match' 2-max Seat #2 is the button
Seat 1: fedor.holz ($20000 in chips)
Seat 2: wiktor.malinowski ($20000 in chips)
wiktor.malinowski: posts small blind $100
fedor.holz: posts big blind $200
*** HOLE CARDS ***
Dealt to fedor.holz [10s 3h]
Dealt to wiktor.malinowski [3d 5h]
wiktor.malinowski: raises $400 to $500
fedor.holz: folds
*** SUMMARY ***

PokerStars Hand #6:  Hold'em No Limit ($100/$200 USD) - 2016/11/14 06:51:51 ET
Table 'ACPC Match' 2-max Seat #1 is the button
Seat 1: fedor.holz ($20000 in chips)
Seat 2: wiktor.malinowski ($20000 in chips)
fedor.holz: posts small blind $100
wiktor.malinowski: posts big blind $200
*** HOLE CARDS ***
Dealt to fedor.holz [Ac 5s]
Dealt to wiktor.malinowski [Ah Kd]
fedor.holz: raises $400 to $500
wiktor.malinowski: raises $1800 to $2000
fedor.holz: folds
*** SUMMARY ***

PokerStars Hand #7:  Hold'em No Limit ($100/$200 USD) - 2016/11/14 06:51:51 ET
Table 'ACPC Match' 2-max Seat #2 is the button
Seat 1: fedor.holz ($20000 in chips)
Seat 2: wiktor.malinowski ($20000 in chips)
wiktor.malinowski: posts small blind $100
fedor.holz: posts big blind $200
*** HOLE CARDS ***
Dealt to fedor.holz [7d 3s]
Dealt to wiktor.malinowski [5c Qd]
wiktor.malinowski: raises $400 to $500
fedor.holz: folds
*** SUMMARY ***

PokerStars Hand #8:  Hold'em No Limit ($100/$200 USD) - 2016/11/14 06:51:51 ET
Table 'ACPC Match' 2-max Seat #1 is the button
Seat 1: fedor.holz ($20000 in chips)
Seat 2: wiktor.malinowski ($20000 in chips)
fedor.holz: posts small blind $100
wiktor.malinowski: posts big blind $200
*** HOLE CARDS ***
Dealt to fedor.holz [Qh 2d]
Dealt to wiktor.malinowski [6s 8s]
fedor.holz: raises $400 to $500
wiktor.malinowski: raises $1800 to $2000
fedor.holz: folds
*** SUMMARY ***

PokerStars Hand #9:  Hold'em No Limit ($100/$200 USD) - 2016/11/14 06:51:51 ET
Table 'ACPC Match' 2-max Seat #2 is the button
Seat 1: fedor.holz ($20000 in chips)
Seat 2: wiktor.malinowski ($20000 in chips)
wiktor.malinowski: posts small blind $100
fedor.holz: posts big blind $200
*** HOLE CARDS ***
Dealt to fedor.holz [6c Kc]
Dealt to wiktor.malinowski [3s 6d]
wiktor.malinowski: folds
*** SUMMARY ***

PokerStars Hand #10:  Hold'em No Limit ($100/$200 USD) - 2016/11/14 06:51:51 ET
Table 'ACPC Match' 2-max Seat #1 is the button
Seat 1: fedor.holz ($20000 in chips)
Seat 2: wiktor.malinowski ($20000 in chips)
fedor.holz: posts small blind $100
wiktor.malinowski: posts big blind $200
*** HOLE CARDS ***
Dealt to fedor.holz [3h Qc]
Dealt to wiktor.malinowski [4s 8h]
fedor.holz: raises $400 to $500
wiktor.malinowski: folds
*** SUMMARY ***

PokerStars Hand #11:  Hold'em No Limit ($100/$200 USD) - 2016/11/14 06:51:51 ET
Table 'ACPC Match' 2-max Seat #2 is the button
Seat 1: fedor.holz ($20000 in chips)
Seat 2: wiktor.malinowski ($20000 in chips)
wiktor.malinowski: posts small blind $100
fedor.holz: posts big blind $200
*** HOLE CARDS ***
Dealt to fedor.holz [6s Qs]
Dealt to wiktor.malinowski [Qd 6h]
wiktor.malinowski: raises $400 to $500
fedor.holz: calls $300
*** FLOP **** [2d Jd Js]
fedor.holz: checks
wiktor.malinowski: bets $300
fedor.holz: calls $300
*** TURN **** [3h]
fedor.holz: checks
wiktor.malinowski: checks
*** RIVER **** [4d]
fedor.holz: bets $1300
wiktor.malinowski: folds
*** SUMMARY ***

PokerStars Hand #12:  Hold'em No Limit ($100/$200 USD) - 2016/11/14 06:51:51 ET
Table 'ACPC Match' 2-max Seat #1 is the button
Seat 1: fedor.holz ($20000 in chips)
Seat 2: wiktor.malinowski ($20000 in chips)
fedor.holz: posts small blind $100
wiktor.malinowski: posts big blind $200
*** HOLE CARDS ***
Dealt to fedor.holz [Ad Qs]
Dealt to wiktor.malinowski [7c 2h]
fedor.holz: raises $400 to $500
wiktor.malinowski: folds
*** SUMMARY ***

PokerStars Hand #13:  Hold'em No Limit ($100/$200 USD) - 2016/11/14 06:51:51 ET
Table 'ACPC Match' 2-max Seat #2 is the button
Seat 1: fedor.holz ($20000 in chips)
Seat 2: wiktor.malinowski ($20000 in chips)
fedor.holz: posts small blind $100
wiktor.malinowski: posts big blind $200
*** HOLE CARDS ***
Dealt to fedor.holz [4s 7s]
Dealt to wiktor.malinowski [Ts Jc]
wiktor.malinowski: raises $400 to $500
fedor.holz: raises $1850 to $2050
wiktor.malinowski: calls $1550
*** FLOP **** [Qc 9h Jd]
fedor.holz: checks
wiktor.malinowski: checks
*** TURN **** [Qd]
fedor.holz: checks
wiktor.malinowski: checks
*** RIVER **** [8c]
fedor.holz: bets $1353
wiktor.malinowski: calls $1353
*** SUMMARY ***

PokerStars Hand #14:  Hold'em No Limit ($100/$200 USD) - 2016/11/14 06:51:51 ET
Table 'ACPC Match' 2-max Seat #1 is the button
Seat 1: fedor.holz ($20000 in chips)
Seat 2: wiktor.malinowski ($20000 in chips)
fedor.holz: posts small blind $100
wiktor.malinowski: posts big blind $200
*** HOLE CARDS ***
Dealt to fedor.holz [8c 4h]
Dealt to wiktor.malinowski [Qd Kd]
fedor.holz: folds
*** SUMMARY ***

PokerStars Hand #15:  Hold'em No Limit ($100/$200 USD) - 2016/11/14 06:51:51 ET
Table 'ACPC Match' 2-max Seat #2 is the button
Seat 1: fedor.holz ($20000 in chips)
Seat 2: wiktor.malinowski ($20000 in chips)
wiktor.malinowski: posts small blind $100
fedor.holz: posts big blind $200
*** HOLE CARDS ***
Dealt to fedor.holz [Td Qc]
Dealt to wiktor.malinowski [4d Jc]
wiktor.malinowski: raises $400 to $500
fedor.holz: calls $300
*** FLOP **** [9h 8h Ad]
fedor.holz: checks
wiktor.malinowski: checks
*** TURN **** [3c]
fedor.holz: checks
wiktor.malinowski: bets $700
fedor.holz: calls $700
*** RIVER **** [As]
fedor.holz: checks
wiktor.malinowski: checks
*** SUMMARY ***

PokerStars Hand #16:  Hold'em No Limit ($100/$200 USD) - 2016/11/14 06:51:51 ET
Table 'ACPC Match' 2-max Seat #2 is the button
Seat 1: fedor.holz ($20000 in chips)
Seat 2: wiktor.malinowski ($20000 in chips)
wiktor.malinowski: posts small blind $100
fedor.holz: posts big blind $200
*** HOLE CARDS ***
Dealt to fedor.holz [Ks 8c]
Dealt to wiktor.malinowski [5c 7d]
wiktor.malinowski: raises $400 to $500
fedor.holz: calls $300
*** FLOP **** [9d Qs 5h]
fedor.holz: checks
wiktor.malinowski: bets $300
fedor.holz: calls $300
*** TURN **** [Jd]
fedor.holz: checks
wiktor.malinowski: checks
*** RIVER **** [Qh]
fedor.holz: checks
wiktor.malinowski: checks
*** SUMMARY ***

PokerStars Hand #17:  Hold'em No Limit ($100/$200 USD) - 2016/11/14 06:51:51 ET
Table 'ACPC Match' 2-max Seat #1 is the button
Seat 1: fedor.holz ($20000 in chips)
Seat 2: wiktor.malinowski ($20000 in chips)
fedor.holz: posts small blind $100
wiktor.malinowski: posts big blind $200
*** HOLE CARDS ***
Dealt to fedor.holz [Kc Qs]
Dealt to wiktor.malinowski [3h Ad]
fedor.holz: raises $400 to $500
wiktor.malinowski: calls $300
*** FLOP **** [Jd Ac 7d]
wiktor.malinowski: checks
fedor.holz: bets $330
wiktor.malinowski: calls $330
*** TURN **** [4h]
wiktor.malinowski: checks
fedor.holz: bets $2100
wiktor.malinowski: calls $2100
*** RIVER **** [8c]
fedor.holz: bets $5860
wiktor.malinowski: folds
*** SUMMARY ***

PokerStars Hand #18:  Hold'em No Limit ($100/$200 USD) - 2016/11/14 06:51:51 ET
Table 'ACPC Match' 2-max Seat #2 is the button
Seat 1: fedor.holz ($20000 in chips)
Seat 2: wiktor.malinowski ($20000 in chips)
wiktor.malinowski: posts small blind $100
fedor.holz: posts big blind $200
*** HOLE CARDS ***
Dealt to fedor.holz [5h Qd]
Dealt to wiktor.malinowski [9d Ad]
wiktor.malinowski: raises $400 to $500
fedor.holz: calls $300
*** FLOP **** [5c Qh 3h]
fedor.holz: checks
wiktor.malinowski: checks
*** TURN **** [Td]
fedor.holz: checks
wiktor.malinowski: folds ?
*** SUMMARY ***

PokerStars Hand #19:  Hold'em No Limit ($100/$200 USD) - 2016/11/14 06:51:51 ET
Table 'ACPC Match' 2-max Seat #1 is the button
Seat 1: fedor.holz ($20000 in chips)
Seat 2: wiktor.malinowski ($20000 in chips)
fedor.holz: posts small blind $100
wiktor.malinowski: posts big blind $200
*** HOLE CARDS ***
Dealt to fedor.holz [9c Jd]
Dealt to wiktor.malinowski [Qc 6c]
fedor.holz: raises $400 to $500
wiktor.malinowski: calls $300
*** FLOP **** [Kd 7d 2s]
wiktor.malinowski: checks
fedor.holz: bets $300
wiktor.malinowski: folds
*** SUMMARY ***

PokerStars Hand #20:  Hold'em No Limit ($100/$200 USD) - 2016/11/14 06:51:51 ET
Table 'ACPC Match' 2-max Seat #2 is the button
Seat 1: fedor.holz ($20000 in chips)
Seat 2: wiktor.malinowski ($20000 in chips)
wiktor.malinowski: posts small blind $100
fedor.holz: posts big blind $200
*** HOLE CARDS ***
Dealt to fedor.holz [7d 9s]
Dealt to wiktor.malinowski [3h Tc]
wiktor.malinowski: folds
*** SUMMARY ***

PokerStars Hand #21:  Hold'em No Limit ($100/$200 USD) - 2016/11/14 06:51:51 ET
Table 'ACPC Match' 2-max Seat #1 is the button
Seat 1: fedor.holz ($20000 in chips)
Seat 2: wiktor.malinowski ($20000 in chips)
fedor.holz: posts small blind $100
wiktor.malinowski: posts big blind $200
*** HOLE CARDS ***
Dealt to fedor.holz [8s 3c]
Dealt to wiktor.malinowski [Ac 4s]
fedor.holz: folds
*** SUMMARY ***

PokerStars Hand #22:  Hold'em No Limit ($100/$200 USD) - 2016/11/14 06:51:51 ET
Table 'ACPC Match' 2-max Seat #2 is the button
Seat 1: fedor.holz ($20000 in chips)
Seat 2: wiktor.malinowski ($20000 in chips)
wiktor.malinowski: posts small blind $100
fedor.holz: posts big blind $200
*** HOLE CARDS ***
Dealt to fedor.holz [Js Jh]
Dealt to wiktor.malinowski [Qs 2s]
wiktor.malinowski: raises $400 to $500
fedor.holz: raises $1850 to $2050
wiktor.malinowski: raises $4460 to $4960
fedor.holz: raises $22479 to $24529
wiktor.malinowski: folds
*** SUMMARY ***

PokerStars Hand #23:  Hold'em No Limit ($100/$200 USD) - 2016/11/14 06:51:51 ET
Table 'ACPC Match' 2-max Seat #1 is the button
Seat 1: fedor.holz ($20000 in chips)
Seat 2: wiktor.malinowski ($20000 in chips)
fedor.holz: posts small blind $100
wiktor.malinowski: posts big blind $200
*** HOLE CARDS ***
Dealt to fedor.holz [2h 2d]
Dealt to wiktor.malinowski [5d Qc]
fedor.holz: raises $400 to $500
wiktor.malinowski: calls $300
*** FLOP **** [Ad Jh Qd]
wiktor.malinowski: checks
fedor.holz: checks
*** TURN **** [Jc]
wiktor.malinowski: checks
fedor.holz: checks
*** RIVER **** [5h]
wiktor.malinowski: checks
fedor.holz: checks
*** SUMMARY ***

PokerStars Hand #24:  Hold'em No Limit ($100/$200 USD) - 2016/11/14 06:51:51 ET
Table 'ACPC Match' 2-max Seat #2 is the button
Seat 1: fedor.holz ($20000 in chips)
Seat 2: wiktor.malinowski ($20000 in chips)
wiktor.malinowski: posts small blind $100
fedor.holz: posts big blind $200
*** HOLE CARDS ***
Dealt to fedor.holz [Ac Js]
Dealt to wiktor.malinowski [7s 4c]
wiktor.malinowski: folds
*** SUMMARY ***

PokerStars Hand #25:  Hold'em No Limit ($100/$200 USD) - 2016/11/14 06:51:51 ET
Table 'ACPC Match' 2-max Seat #1 is the button
Seat 1: fedor.holz ($20000 in chips)
Seat 2: wiktor.malinowski ($20000 in chips)
fedor.holz: posts small blind $100
wiktor.malinowski: posts big blind $200
*** HOLE CARDS ***
Dealt to fedor.holz [Qh Jd]
Dealt to wiktor.malinowski [2d 7c]
fedor.holz: raises $400 to $500
wiktor.malinowski: folds
*** SUMMARY ***

PokerStars Hand #26:  Hold'em No Limit ($100/$200 USD) - 2016/11/14 06:51:51 ET
Table 'ACPC Match' 2-max Seat #2 is the button
Seat 1: fedor.holz ($20000 in chips)
Seat 2: wiktor.malinowski ($20000 in chips)
wiktor.malinowski: posts small blind $100
fedor.holz: posts big blind $200
*** HOLE CARDS ***
Dealt to fedor.holz [Tc 2h]
Dealt to wiktor.malinowski [5h 6d]
wiktor.malinowski: raises $400 to $500
fedor.holz: folds
*** SUMMARY ***

PokerStars Hand #27:  Hold'em No Limit ($100/$200 USD) - 2016/11/14 06:51:51 ET
Table 'ACPC Match' 2-max Seat #1 is the button
Seat 1: fedor.holz ($20000 in chips)
Seat 2: wiktor.malinowski ($20000 in chips)
fedor.holz: posts small blind $100
wiktor.malinowski: posts big blind $200
*** HOLE CARDS ***
Dealt to fedor.holz [Ts 7d]
Dealt to wiktor.malinowski [As 6h]
fedor.holz: raises $400 to $500
wiktor.malinowski: calls $300
*** FLOP **** [Jh Qh 8c]
wiktor.malinowski: checks
fedor.holz: bets $700
wiktor.malinowski: folds
*** SUMMARY ***

PokerStars Hand #28:  Hold'em No Limit ($100/$200 USD) - 2016/11/14 06:51:51 ET
Table 'ACPC Match' 2-max Seat #2 is the button
Seat 1: fedor.holz ($20000 in chips)
Seat 2: wiktor.malinowski ($20000 in chips)
wiktor.malinowski: posts small blind $100
fedor.holz: posts big blind $200
*** HOLE CARDS ***
Dealt to fedor.holz [7d 6s]
Dealt to wiktor.malinowski [2h 8h]
wiktor.malinowski: raises $400 to $500
fedor.holz: calls $300
*** FLOP **** [5h Ad 8s]
fedor.holz: checks
wiktor.malinowski: bets $300
fedor.holz: raises $860 to $1160
wiktor.malinowski: calls $860
*** TURN **** [Ac]
fedor.holz: bets $1700
wiktor.malinowski: calls $1700
*** RIVER **** [6c]
fedor.holz: checks
wiktor.malinowski: checks
*** SUMMARY ***

PokerStars Hand #29:  Hold'em No Limit ($100/$200 USD) - 2016/11/14 06:51:51 ET
Table 'ACPC Match' 2-max Seat #1 is the button
Seat 1: fedor.holz ($20000 in chips)
Seat 2: wiktor.malinowski ($20000 in chips)
fedor.holz: posts small blind $100
wiktor.malinowski: posts big blind $200
*** HOLE CARDS ***
Dealt to fedor.holz [7h 4h]
Dealt to wiktor.malinowski [5d 9s]
fedor.holz: raises $400 to $500
wiktor.malinowski: folds
*** SUMMARY ***

PokerStars Hand #30:  Hold'em No Limit ($100/$200 USD) - 2016/11/14 06:51:51 ET
Table 'ACPC Match' 2-max Seat #2 is the button
Seat 1: fedor.holz ($20000 in chips)
Seat 2: wiktor.malinowski ($20000 in chips)
wiktor.malinowski: posts small blind $100
fedor.holz: posts big blind $200
*** HOLE CARDS ***
Dealt to fedor.holz [Ts Jd]
Dealt to wiktor.malinowski [4h Ad]
wiktor.malinowski: raises $400 to $500
fedor.holz: calls $300
*** FLOP **** [4d 9c 9h]
fedor.holz: checks
wiktor.malinowski: bets $300
fedor.holz: calls $300
*** TURN **** [6d]
fedor.holz: checks
wiktor.malinowski: checks
*** RIVER **** [6s]
fedor.holz: bets $2400
wiktor.malinowski: folds
*** SUMMARY ***

PokerStars Hand #31:  Hold'em No Limit ($100/$200 USD) - 2016/11/14 06:51:51 ET
Table 'ACPC Match' 2-max Seat #1 is the button
Seat 1: fedor.holz ($20000 in chips)
Seat 2: wiktor.malinowski ($20000 in chips)
fedor.holz: posts small blind $100
wiktor.malinowski: posts big blind $200
*** HOLE CARDS ***
Dealt to fedor.holz [8d 4h]
Dealt to wiktor.malinowski [3c Kh]
fedor.holz: folds
*** SUMMARY ***

PokerStars Hand #32:  Hold'em No Limit ($100/$200 USD) - 2016/11/14 06:51:51 ET
Table 'ACPC Match' 2-max Seat #2 is the button
Seat 1: fedor.holz ($20000 in chips)
Seat 2: wiktor.malinowski ($20000 in chips)
wiktor.malinowski: posts small blind $100
fedor.holz: posts big blind $200
*** HOLE CARDS ***
Dealt to fedor.holz [4h 5h]
Dealt to wiktor.malinowski [8s Tc]
wiktor.malinowski: raises $1850 to $2050
wiktor.malinowski: folds
*** SUMMARY ***

PokerStars Hand #33:  Hold'em No Limit ($100/$200 USD) - 2016/11/14 06:51:51 ET
Table 'ACPC Match' 2-max Seat #1 is the button
Seat 1: fedor.holz ($20000 in chips)
Seat 2: wiktor.malinowski ($20000 in chips)
fedor.holz: posts small blind $100
wiktor.malinowski: posts big blind $200
*** HOLE CARDS ***
Dealt to fedor.holz [4s 8s]
Dealt to wiktor.malinowski [Jh 7c]
fedor.holz: raises $400 to $500
wiktor.malinowski: calls $300
*** FLOP **** [8h 7d 7s]
wiktor.malinowski: checks
fedor.holz: bets $300
wiktor.malinowski: calls $300
*** TURN **** [5h]
wiktor.malinowski: checks
fedor.holz: bets $800
wiktor.malinowski: raises $2440 to $3240
fedor.holz: calls $2440
*** RIVER **** [Ah]
wiktor.malinowski: bets $5656
fedor.holz: folds
*** SUMMARY ***

PokerStars Hand #34:  Hold'em No Limit ($100/$200 USD) - 2016/11/14 06:51:51 ET
Table 'ACPC Match' 2-max Seat #2 is the button
Seat 1: fedor.holz ($20000 in chips)
Seat 2: wiktor.malinowski ($20000 in chips)
wiktor.malinowski: posts small blind $100
fedor.holz: posts big blind $200
*** HOLE CARDS ***
Dealt to fedor.holz [5s 4h]
Dealt to wiktor.malinowski [Ks Ts]
wiktor.malinowski: raises $400 to $500
fedor.holz: calls $300
*** FLOP **** [6h Qh 9c]
fedor.holz: checks
wiktor.malinowski: checks
*** TURN **** [9d]
fedor.holz: checks
wiktor.malinowski: bets $300
fedor.holz: folds
*** SUMMARY ***

PokerStars Hand #35:  Hold'em No Limit ($100/$200 USD) - 2016/11/14 06:51:51 ET
Table 'ACPC Match' 2-max Seat #1 is the button
Seat 1: fedor.holz ($20000 in chips)
Seat 2: wiktor.malinowski ($20000 in chips)
fedor.holz: posts small blind $100
wiktor.malinowski: posts big blind $200
*** HOLE CARDS ***
Dealt to fedor.holz [5d 3h]
Dealt to wiktor.malinowski [Td 2s]
fedor.holz: folds
*** SUMMARY ***

PokerStars Hand #36:  Hold'em No Limit ($100/$200 USD) - 2016/11/14 06:51:51 ET
Table 'ACPC Match' 2-max Seat #2 is the button
Seat 1: fedor.holz ($20000 in chips)
Seat 2: wiktor.malinowski ($20000 in chips)
wiktor.malinowski: posts small blind $100
fedor.holz: posts big blind $200
*** HOLE CARDS ***
Dealt to fedor.holz [Tc Kc]
Dealt to wiktor.malinowski [5c Qd]
wiktor.malinowski: raises $400 to $500
fedor.holz: raises $1850 to $2050
wiktor.malinowski: folds
*** SUMMARY ***

PokerStars Hand #37:  Hold'em No Limit ($100/$200 USD) - 2016/11/14 06:51:51 ET
Table 'ACPC Match' 2-max Seat #1 is the button
Seat 1: fedor.holz ($20000 in chips)
Seat 2: wiktor.malinowski ($20000 in chips)
fedor.holz: posts small blind $100
wiktor.malinowski: posts big blind $200
*** HOLE CARDS ***
Dealt to fedor.holz [Jd 5h]
Dealt to wiktor.malinowski [3h 2d]
fedor.holz: folds
*** SUMMARY ***

PokerStars Hand #38:  Hold'em No Limit ($100/$200 USD) - 2016/11/14 06:51:51 ET
Table 'ACPC Match' 2-max Seat #2 is the button
Seat 1: fedor.holz ($20000 in chips)
Seat 2: wiktor.malinowski ($20000 in chips)
wiktor.malinowski: posts small blind $100
fedor.holz: posts big blind $200
*** HOLE CARDS ***
Dealt to fedor.holz [8d Qh]
Dealt to wiktor.malinowski [Qs 5s]
wiktor.malinowski: raises $400 to $500
fedor.holz: calls $300
*** FLOP **** [Jc 6h Ks]
fedor.holz: checks
wiktor.malinowski: bets $300
fedor.holz: folds
*** SUMMARY ***

PokerStars Hand #39:  Hold'em No Limit ($100/$200 USD) - 2016/11/14 06:51:51 ET
Table 'ACPC Match' 2-max Seat #1 is the button
Seat 1: fedor.holz ($20000 in chips)
Seat 2: wiktor.malinowski ($20000 in chips)
fedor.holz: posts small blind $100
wiktor.malinowski: posts big blind $200
*** HOLE CARDS ***
Dealt to fedor.holz [3s 3h]
Dealt to wiktor.malinowski [3c Qs]
fedor.holz: raises $400 to $500
wiktor.malinowski: folds
*** SUMMARY ***

PokerStars Hand #40:  Hold'em No Limit ($100/$200 USD) - 2016/11/14 06:51:51 ET
Table 'ACPC Match' 2-max Seat #2 is the button
Seat 1: fedor.holz ($20000 in chips)
Seat 2: wiktor.malinowski ($20000 in chips)
wiktor.malinowski: posts small blind $100
fedor.holz: posts big blind $200
*** HOLE CARDS ***
Dealt to fedor.holz [Js 4h]
Dealt to wiktor.malinowski [Qs 8c]
wiktor.malinowski: raises $400 to $500
fedor.holz: folds
*** SUMMARY ***

PokerStars Hand #41:  Hold'em No Limit ($100/$200 USD) - 2016/11/14 06:51:51 ET
Table 'ACPC Match' 2-max Seat #1 is the button
Seat 1: fedor.holz ($20000 in chips)
Seat 2: wiktor.malinowski ($20000 in chips)
fedor.holz: posts small blind $100
wiktor.malinowski: posts big blind $200
*** HOLE CARDS ***
Dealt to fedor.holz [9d Ks]
Dealt to wiktor.malinowski [Kc 7c]
fedor.holz: raises $400 to $500
wiktor.malinowski: calls $300
*** FLOP **** [2h 6c 3d]
wiktor.malinowski: checks
fedor.holz: checks
*** TURN **** [2s]
wiktor.malinowski: checks
fedor.holz: checks
*** RIVER **** [8h]
wiktor.malinowski: checks
fedor.holz: checks
*** SUMMARY ***

PokerStars Hand #42:  Hold'em No Limit ($100/$200 USD) - 2016/11/14 06:51:51 ET
Table 'ACPC Match' 2-max Seat #2 is the button
Seat 1: fedor.holz ($20000 in chips)
Seat 2: wiktor.malinowski ($20000 in chips)
wiktor.malinowski: posts small blind $100
fedor.holz: posts big blind $200
*** HOLE CARDS ***
Dealt to fedor.holz [Qc 4h]
Dealt to wiktor.malinowski [7h 6d]
wiktor.malinowski: raises $400 to $500
fedor.holz: calls $300
*** FLOP **** [9s Ts As]
wiktor.malinowski: bets $240
fedor.holz: folds
*** SUMMARY ***

PokerStars Hand #43:  Hold'em No Limit ($100/$200 USD) - 2016/11/14 06:51:51 ET
Table 'ACPC Match' 2-max Seat #1 is the button
Seat 1: fedor.holz ($20000 in chips)
Seat 2: wiktor.malinowski ($20000 in chips)
fedor.holz: posts small blind $100
wiktor.malinowski: posts big blind $200
*** HOLE CARDS ***
Dealt to fedor.holz [2d Jd]
Dealt to wiktor.malinowski [Qs 5s]
fedor.holz: raises $400 to $500
wiktor.malinowski: calls $300
*** FLOP **** [8d 3c 3h]
wiktor.malinowski: checks
fedor.holz: bets $300
wiktor.malinowski: folds
*** SUMMARY ***

PokerStars Hand #44:  Hold'em No Limit ($100/$200 USD) - 2016/11/14 06:51:51 ET
Table 'ACPC Match' 2-max Seat #2 is the button
Seat 1: fedor.holz ($20000 in chips)
Seat 2: wiktor.malinowski ($20000 in chips)
wiktor.malinowski: posts small blind $100
fedor.holz: posts big blind $200
*** HOLE CARDS ***
Dealt to fedor.holz [4h 4s]
Dealt to wiktor.malinowski [Kh Qd]
wiktor.malinowski: raises $400 to $500
fedor.holz: calls $300
*** FLOP **** [Qc 3s Ks]
fedor.holz: checks
wiktor.malinowski: bets $700
fedor.holz: calls $700
*** TURN **** [Jh]
fedor.holz: checks
wiktor.malinowski: checks
*** RIVER **** [6d]
fedor.holz: checks
wiktor.malinowski: bets $1680
fedor.holz: folds
*** SUMMARY ***

PokerStars Hand #45:  Hold'em No Limit ($100/$200 USD) - 2016/11/14 06:51:51 ET
Table 'ACPC Match' 2-max Seat #1 is the button
Seat 1: fedor.holz ($20000 in chips)
Seat 2: wiktor.malinowski ($20000 in chips)
fedor.holz: posts small blind $100
wiktor.malinowski: posts big blind $200
*** HOLE CARDS ***
Dealt to fedor.holz [Ah 5h]
Dealt to wiktor.malinowski [Jd 8d]
fedor.holz: raises $400 to $500
wiktor.malinowski: calls $300
*** FLOP **** [Th 5c 3s]
wiktor.malinowski: checks
fedor.holz: bets $300
wiktor.malinowski: calls $300
*** TURN **** [7c]
wiktor.malinowski: checks
fedor.holz: checks
*** RIVER **** [Ad]
wiktor.malinowski: bets $1120
fedor.holz: raises $2560 to $3680
wiktor.malinowski: folds
*** SUMMARY ***

PokerStars Hand #46:  Hold'em No Limit ($100/$200 USD) - 2016/11/14 06:51:51 ET
Table 'ACPC Match' 2-max Seat #2 is the button
Seat 1: fedor.holz ($20000 in chips)
Seat 2: wiktor.malinowski ($20000 in chips)
wiktor.malinowski: posts small blind $100
fedor.holz: posts big blind $200
*** HOLE CARDS ***
Dealt to fedor.holz [Js Kd]
Dealt to wiktor.malinowski [6h 9d]
wiktor.malinowski: raises $400 to $500
fedor.holz: raises $1550 to $2050
wiktor.malinowski: folds
*** SUMMARY ***

PokerStars Hand #47:  Hold'em No Limit ($100/$200 USD) - 2016/11/14 06:51:51 ET
Table 'ACPC Match' 2-max Seat #1 is the button
Seat 1: fedor.holz ($20000 in chips)
Seat 2: wiktor.malinowski ($20000 in chips)
fedor.holz: posts small blind $100
wiktor.malinowski: posts big blind $200
*** HOLE CARDS ***
Dealt to fedor.holz [2d 8h]
Dealt to wiktor.malinowski [6h Ts]
fedor.holz: folds
*** SUMMARY ***

PokerStars Hand #48:  Hold'em No Limit ($100/$200 USD) - 2016/11/14 06:51:51 ET
Table 'ACPC Match' 2-max Seat #2 is the button
Seat 1: fedor.holz ($20000 in chips)
Seat 2: wiktor.malinowski ($20000 in chips)
wiktor.malinowski: posts small blind $100
fedor.holz: posts big blind $200
*** HOLE CARDS ***
Dealt to fedor.holz [3d 2h]
Dealt to wiktor.malinowski [2c 8s]
wiktor.malinowski: folds
*** SUMMARY ***

PokerStars Hand #49:  Hold'em No Limit ($100/$200 USD) - 2016/11/14 06:51:51 ET
Table 'ACPC Match' 2-max Seat #1 is the button
Seat 1: fedor.holz ($20000 in chips)
Seat 2: wiktor.malinowski ($20000 in chips)
fedor.holz: posts small blind $100
wiktor.malinowski: posts big blind $200
*** HOLE CARDS ***
Dealt to fedor.holz [6s 7s]
Dealt to wiktor.malinowski [Jd Kc]
fedor.holz: raises $400 to $500
wiktor.malinowski: calls $300
*** FLOP **** [2h 8h Th]
wiktor.malinowski: checks
fedor.holz: bets $250
wiktor.malinowski: calls $250
*** TURN **** [Ah]
wiktor.malinowski: checks
fedor.holz: bets $1020
wiktor.malinowski: folds
*** SUMMARY ***

PokerStars Hand #50:  Hold'em No Limit ($100/$200 USD) - 2016/11/14 06:51:51 ET
Table 'ACPC Match' 2-max Seat #2 is the button
Seat 1: fedor.holz ($20000 in chips)
Seat 2: wiktor.malinowski ($20000 in chips)
wiktor.malinowski: posts small blind $100
fedor.holz: posts big blind $200
*** HOLE CARDS ***
Dealt to fedor.holz [Th 6d]
Dealt to wiktor.malinowski [Js 6s]
wiktor.malinowski: raises $400 to $500
fedor.holz: calls $300
*** FLOP **** [Ac 9h 7s]
fedor.holz: checks
wiktor.malinowski: bets $1000
fedor.holz: folds
*** SUMMARY ***

PokerStars Hand #51:  Hold'em No Limit ($100/$200 USD) - 2016/11/14 06:51:51 ET
Table 'ACPC Match' 2-max Seat #1 is the button
Seat 1: fedor.holz ($20000 in chips)
Seat 2: wiktor.malinowski ($20000 in chips)
fedor.holz: posts small blind $100
wiktor.malinowski: posts big blind $200
*** HOLE CARDS ***
Dealt to fedor.holz [Qc 8s]
Dealt to wiktor.malinowski [6d 2s]
fedor.holz: raises $400 to $500
wiktor.malinowski: folds
*** SUMMARY ***

PokerStars Hand #52:  Hold'em No Limit ($100/$200 USD) - 2016/11/14 06:51:51 ET
Table 'ACPC Match' 2-max Seat #2 is the button
Seat 1: fedor.holz ($20000 in chips)
Seat 2: wiktor.malinowski ($20000 in chips)
wiktor.malinowski: posts small blind $100
fedor.holz: posts big blind $200
*** HOLE CARDS ***
Dealt to fedor.holz [6d Qc]
Dealt to wiktor.malinowski [As 3c]
wiktor.malinowski: raises $400 to $500
fedor.holz: bets $300
*** FLOP **** [6h Qh Tc]
fedor.holz: checks
wiktor.malinowski: checks
*** TURN **** [Kd]
fedor.holz: bets $700
wiktor.malinowski: folds
*** SUMMARY ***

PokerStars Hand #53:  Hold'em No Limit ($100/$200 USD) - 2016/11/14 06:51:51 ET
Table 'ACPC Match' 2-max Seat #1 is the button
Seat 1: fedor.holz ($20000 in chips)
Seat 2: wiktor.malinowski ($20000 in chips)
fedor.holz: posts small blind $100
wiktor.malinowski: posts big blind $200
*** HOLE CARDS ***
Dealt to fedor.holz [Ad 3c]
Dealt to wiktor.malinowski [4c Td]
fedor.holz: raises $400 to $500
wiktor.malinowski: folds
*** SUMMARY ***

PokerStars Hand #54:  Hold'em No Limit ($100/$200 USD) - 2016/11/14 06:51:51 ET
Table 'ACPC Match' 2-max Seat #2 is the button
Seat 1: fedor.holz ($20000 in chips)
Seat 2: wiktor.malinowski ($20000 in chips)
wiktor.malinowski: posts small blind $100
fedor.holz: posts big blind $200
*** HOLE CARDS ***
Dealt to fedor.holz [Js Qd]
Dealt to wiktor.malinowski [Ts Jh]
wiktor.malinowski: raises $400 to $500
fedor.holz: calls $300
*** FLOP **** [8h 2d 8s]
fedor.holz: checks
wiktor.malinowski: bets $300
fedor.holz: calls $300
*** TURN **** [9s]
fedor.holz: checks
wiktor.malinowski: bets $1120
fedor.holz: calls $1120
*** RIVER **** [2h]
fedor.holz: checks
wiktor.malinowski: checks
*** SUMMARY ***

PokerStars Hand #55:  Hold'em No Limit ($100/$200 USD) - 2016/11/14 06:51:51 ET
Table 'ACPC Match' 2-max Seat #1 is the button
Seat 1: fedor.holz ($20000 in chips)
Seat 2: wiktor.malinowski ($20000 in chips)
fedor.holz: posts small blind $100
wiktor.malinowski: posts big blind $200
*** HOLE CARDS ***
Dealt to fedor.holz [9d 2d]
Dealt to wiktor.malinowski [Kd 3h]
fedor.holz: raises $400 to $500
wiktor.malinowski: calls $300
*** FLOP **** [4d 6d 5d]
wiktor.malinowski: checks
fedor.holz: bets $250
wiktor.malinowski: calls $250
*** TURN **** [8d]
wiktor.malinowski: checks
fedor.holz: checks
*** RIVER **** [9s]
wiktor.malinowski: bets $1050
fedor.holz: calls $1050
*** SUMMARY ***

PokerStars Hand #56:  Hold'em No Limit ($100/$200 USD) - 2016/11/14 06:51:51 ET
Table 'ACPC Match' 2-max Seat #2 is the button
Seat 1: fedor.holz ($20000 in chips)
Seat 2: wiktor.malinowski ($20000 in chips)
wiktor.malinowski: posts small blind $100
fedor.holz: posts big blind $200
*** HOLE CARDS ***
Dealt to fedor.holz [Kh Kd]
Dealt to wiktor.malinowski [Ts 6c]
wiktor.malinowski: raises $400 to $500
fedor.holz: raises $1550 to $2050
wiktor.malinowski: folds
*** SUMMARY ***

PokerStars Hand #57:  Hold'em No Limit ($100/$200 USD) - 2016/11/14 06:51:51 ET
Table 'ACPC Match' 2-max Seat #1 is the button
Seat 1: fedor.holz ($20000 in chips)
Seat 2: wiktor.malinowski ($20000 in chips)
fedor.holz: posts small blind $100
wiktor.malinowski: posts big blind $200
*** HOLE CARDS ***
Dealt to fedor.holz [7h 3c]
Dealt to wiktor.malinowski [2h 3h]
fedor.holz: folds
*** SUMMARY ***

PokerStars Hand #58:  Hold'em No Limit ($100/$200 USD) - 2016/11/14 06:51:51 ET
Table 'ACPC Match' 2-max Seat #2 is the button
Seat 1: fedor.holz ($20000 in chips)
Seat 2: wiktor.malinowski ($20000 in chips)
wiktor.malinowski: posts small blind $100
fedor.holz: posts big blind $200
*** HOLE CARDS ***
Dealt to fedor.holz [Qh Kc]
Dealt to wiktor.malinowski [3d As]
wiktor.malinowski: raises $400 to $500
fedor.holz: raises $1550 to $2050
wiktor.malinowski: folds
*** SUMMARY ***

PokerStars Hand #59:  Hold'em No Limit ($100/$200 USD) - 2016/11/14 06:51:51 ET
Table 'ACPC Match' 2-max Seat #1 is the button
Seat 1: fedor.holz ($20000 in chips)
Seat 2: wiktor.malinowski ($20000 in chips)
fedor.holz: posts small blind $100
wiktor.malinowski: posts big blind $200
*** HOLE CARDS ***
Dealt to fedor.holz [Tc 6h]
Dealt to wiktor.malinowski [Jd Ah]
fedor.holz: raises $400 to $500
wiktor.malinowski: raises $1500 to $2000
fedor.holz: folds
*** SUMMARY ***

PokerStars Hand #60:  Hold'em No Limit ($100/$200 USD) - 2016/11/14 06:51:51 ET
Table 'ACPC Match' 2-max Seat #2 is the button
Seat 1: fedor.holz ($20000 in chips)
Seat 2: wiktor.malinowski ($20000 in chips)
wiktor.malinowski: posts small blind $100
fedor.holz: posts big blind $200
*** HOLE CARDS ***
Dealt to fedor.holz [5h Ts]
Dealt to wiktor.malinowski [Td 8d]
wiktor.malinowski: raises $400 to $500
fedor.holz: folds
*** SUMMARY ***

PokerStars Hand #61:  Hold'em No Limit ($100/$200 USD) - 2016/11/14 06:51:51 ET
Table 'ACPC Match' 2-max Seat #1 is the button
Seat 1: fedor.holz ($20000 in chips)
Seat 2: wiktor.malinowski ($20000 in chips)
fedor.holz: posts small blind $100
wiktor.malinowski: posts big blind $200
*** HOLE CARDS ***
Dealt to fedor.holz [3c 5s]
Dealt to wiktor.malinowski [Ad Kh]
fedor.holz: raises $400 to $500
wiktor.malinowski: raises $1500 to $2000
fedor.holz: folds
*** SUMMARY ***

PokerStars Hand #62:  Hold'em No Limit ($100/$200 USD) - 2016/11/14 06:51:51 ET
Table 'ACPC Match' 2-max Seat #2 is the button
Seat 1: fedor.holz ($20000 in chips)
Seat 2: wiktor.malinowski ($20000 in chips)
wiktor.malinowski: posts small blind $100
fedor.holz: posts big blind $200
*** HOLE CARDS ***
Dealt to fedor.holz [Jd 3c]
Dealt to wiktor.malinowski [5c Kc]
wiktor.malinowski: raises $400 to $500
fedor.holz: folds
*** SUMMARY ***

PokerStars Hand #63:  Hold'em No Limit ($100/$200 USD) - 2016/11/14 06:51:51 ET
Table 'ACPC Match' 2-max Seat #1 is the button
Seat 1: fedor.holz ($20000 in chips)
Seat 2: wiktor.malinowski ($20000 in chips)
fedor.holz: posts small blind $100
wiktor.malinowski: posts big blind $200
*** HOLE CARDS ***
Dealt to fedor.holz [5s 9c]
Dealt to wiktor.malinowski [7h 7d]
fedor.holz: raises $400 to $500
wiktor.malinowski: raises $1500 to $2000
fedor.holz: folds
*** SUMMARY ***

PokerStars Hand #64:  Hold'em No Limit ($100/$200 USD) - 2016/11/14 06:51:51 ET
Table 'ACPC Match' 2-max Seat #2 is the button
Seat 1: fedor.holz ($20000 in chips)
Seat 2: wiktor.malinowski ($20000 in chips)
wiktor.malinowski: posts small blind $100
fedor.holz: posts big blind $200
*** HOLE CARDS ***
Dealt to fedor.holz [5h 8s]
Dealt to wiktor.malinowski [5d 6s]
wiktor.malinowski: raises $400 to $500
fedor.holz: calls $300
*** FLOP **** [Ks 7d Kh]
fedor.holz: checks
wiktor.malinowski: bets $300
fedor.holz: folds
*** SUMMARY ***

PokerStars Hand #65:  Hold'em No Limit ($100/$200 USD) - 2016/11/14 06:51:51 ET
Table 'ACPC Match' 2-max Seat #1 is the button
Seat 1: fedor.holz ($20000 in chips)
Seat 2: wiktor.malinowski ($20000 in chips)
fedor.holz: posts small blind $100
wiktor.malinowski: posts big blind $200
*** HOLE CARDS ***
Dealt to fedor.holz [6c 3h]
Dealt to wiktor.malinowski [9s 7s]
fedor.holz: folds
*** SUMMARY ***

PokerStars Hand #66:  Hold'em No Limit ($100/$200 USD) - 2016/11/14 06:51:51 ET
Table 'ACPC Match' 2-max Seat #2 is the button
Seat 1: fedor.holz ($20000 in chips)
Seat 2: wiktor.malinowski ($20000 in chips)
wiktor.malinowski: posts small blind $100
fedor.holz: posts big blind $200
*** HOLE CARDS ***
Dealt to fedor.holz [8s 3d]
Dealt to wiktor.malinowski [8c 9d]
wiktor.malinowski: raises $400 to $500
fedor.holz: folds
*** SUMMARY ***

PokerStars Hand #67:  Hold'em No Limit ($100/$200 USD) - 2016/11/14 06:51:51 ET
Table 'ACPC Match' 2-max Seat #1 is the button
Seat 1: fedor.holz ($20000 in chips)
Seat 2: wiktor.malinowski ($20000 in chips)
fedor.holz: posts small blind $100
wiktor.malinowski: posts big blind $200
*** HOLE CARDS ***
Dealt to fedor.holz [5c Td]
Dealt to wiktor.malinowski [8c 4c]
fedor.holz: folds
*** SUMMARY ***

PokerStars Hand #68:  Hold'em No Limit ($100/$200 USD) - 2016/11/14 06:51:51 ET
Table 'ACPC Match' 2-max Seat #2 is the button
Seat 1: fedor.holz ($20000 in chips)
Seat 2: wiktor.malinowski ($20000 in chips)
wiktor.malinowski: posts small blind $100
fedor.holz: posts big blind $200
*** HOLE CARDS ***
Dealt to fedor.holz [Kc 2d]
Dealt to wiktor.malinowski [As 3h]
wiktor.malinowski: raises $400 to $500
fedor.holz: calls $300
*** FLOP **** [3d Ah 7s]
fedor.holz: checks
wiktor.malinowski: bets $300
fedor.holz: calls $300
*** TURN **** [3s]
fedor.holz: checks
wiktor.malinowski: checks
*** RIVER **** [4h]
fedor.holz: checks
wiktor.malinowski: bets $1020
fedor.holz: folds
*** SUMMARY ***

PokerStars Hand #69:  Hold'em No Limit ($100/$200 USD) - 2016/11/14 06:51:51 ET
Table 'ACPC Match' 2-max Seat #1 is the button
Seat 1: fedor.holz ($20000 in chips)
Seat 2: wiktor.malinowski ($20000 in chips)
fedor.holz: posts small blind $100
wiktor.malinowski: posts big blind $200
*** HOLE CARDS ***
Dealt to fedor.holz [Qs Js]
Dealt to wiktor.malinowski [6s 7s]
fedor.holz: raises $400 to $500
wiktor.malinowski: raises $1500 to $2000
fedor.holz: calls $1000
*** FLOP **** [7c 2s 4d]
wiktor.malinowski: bets $1200
fedor.holz: calls $1200
*** TURN **** [4h]
wiktor.malinowski: bets $2200
fedor.holz: folds
*** SUMMARY ***

PokerStars Hand #70:  Hold'em No Limit ($100/$200 USD) - 2016/11/14 06:51:51 ET
Table 'ACPC Match' 2-max Seat #2 is the button
Seat 1: fedor.holz ($20000 in chips)
Seat 2: wiktor.malinowski ($20000 in chips)
wiktor.malinowski: posts small blind $100
fedor.holz: posts big blind $200
*** HOLE CARDS ***
Dealt to fedor.holz [Ks 6c]
Dealt to wiktor.malinowski [Qd 5d]
wiktor.malinowski: raises $400 to $500
fedor.holz: calls $300
*** FLOP **** [Qh 4c jc]
fedor.holz: checks
wiktor.malinowski: checks
*** TURN **** [2s]
fedor.holz: checks
wiktor.malinowski: bets $700
fedor.holz: folds
*** SUMMARY ***

PokerStars Hand #71:  Hold'em No Limit ($100/$200 USD) - 2016/11/14 06:51:51 ET
Table 'ACPC Match' 2-max Seat #1 is the button
Seat 1: fedor.holz ($20000 in chips)
Seat 2: wiktor.malinowski ($20000 in chips)
fedor.holz: posts small blind $100
wiktor.malinowski: posts big blind $200
*** HOLE CARDS ***
Dealt to fedor.holz [Js 6s]
Dealt to wiktor.malinowski [Th 7d]
fedor.holz: raises $400 to $500
wiktor.malinowski: calls $300
*** FLOP **** [9h 8s Tc]
wiktor.malinowski: checks
fedor.holz: bets $700
wiktor.malinowski: calls $700
*** TURN **** [6c]
wiktor.malinowski: checks
fedor.holz: checks
*** RIVER **** [5c]
wiktor.malinowski: checks
fedor.holz: checks
*** SUMMARY ***

PokerStars Hand #72:  Hold'em No Limit ($100/$200 USD) - 2016/11/14 06:51:51 ET
Table 'ACPC Match' 2-max Seat #2 is the button
Seat 1: fedor.holz ($20000 in chips)
Seat 2: wiktor.malinowski ($20000 in chips)
wiktor.malinowski: posts small blind $100
fedor.holz: posts big blind $200
*** HOLE CARDS ***
Dealt to fedor.holz [4s 9c]
Dealt to wiktor.malinowski [Jc 4d]
wiktor.malinowski: raises $400 to $500
fedor.holz: folds
*** SUMMARY ***

PokerStars Hand #73:  Hold'em No Limit ($100/$200 USD) - 2016/11/14 06:51:51 ET
Table 'ACPC Match' 2-max Seat #1 is the button
Seat 1: fedor.holz ($20000 in chips)
Seat 2: wiktor.malinowski ($20000 in chips)
fedor.holz: posts small blind $100
wiktor.malinowski: posts big blind $200
*** HOLE CARDS ***
Dealt to fedor.holz [9d 7h]
Dealt to wiktor.malinowski [6h 2h]
fedor.holz: raises $400 to $500
wiktor.malinowski: calls $300
*** FLOP **** [Td 3d Ac]
wiktor.malinowski: checks
fedor.holz: bets $300
wiktor.malinowski: folds
*** SUMMARY ***

PokerStars Hand #74:  Hold'em No Limit ($100/$200 USD) - 2016/11/14 06:51:51 ET
Table 'ACPC Match' 2-max Seat #2 is the button
Seat 1: fedor.holz ($20000 in chips)
Seat 2: wiktor.malinowski ($20000 in chips)
wiktor.malinowski: posts small blind $100
fedor.holz: posts big blind $200
*** HOLE CARDS ***
Dealt to fedor.holz [Js Ks]
Dealt to wiktor.malinowski [8h 3h]
wiktor.malinowski: raises $400 to $500
fedor.holz: raises $1550 to $2050
wiktor.malinowski: folds
*** SUMMARY ***

PokerStars Hand #75:  Hold'em No Limit ($100/$200 USD) - 2016/11/14 06:51:51 ET
Table 'ACPC Match' 2-max Seat #1 is the button
Seat 1: fedor.holz ($20000 in chips)
Seat 2: wiktor.malinowski ($20000 in chips)
fedor.holz: posts small blind $100
wiktor.malinowski: posts big blind $200
*** HOLE CARDS ***
Dealt to fedor.holz [Ac Ad]
Dealt to wiktor.malinowski [3c 3s]
fedor.holz: raises $400 to $500
wiktor.malinowski: calls $300
*** FLOP **** [4c 4d Js]
wiktor.malinowski: checks
fedor.holz: bets $300
wiktor.malinowski: calls $300
*** TURN **** [Ks]
wiktor.malinowski: checks
fedor.holz: bets $1200
wiktor.malinowski: folds
*** SUMMARY ***

PokerStars Hand #76:  Hold'em No Limit ($100/$200 USD) - 2016/11/14 06:51:51 ET
Table 'ACPC Match' 2-max Seat #2 is the button
Seat 1: fedor.holz ($20000 in chips)
Seat 2: wiktor.malinowski ($20000 in chips)
wiktor.malinowski: posts small blind $100
fedor.holz: posts big blind $200
*** HOLE CARDS ***
Dealt to fedor.holz [3h Qd]
Dealt to wiktor.malinowski [2s As]
wiktor.malinowski: raises $400 to $500
fedor.holz: folds
*** SUMMARY ***

PokerStars Hand #77:  Hold'em No Limit ($100/$200 USD) - 2016/11/14 06:51:51 ET
Table 'ACPC Match' 2-max Seat #1 is the button
Seat 1: fedor.holz ($20000 in chips)
Seat 2: wiktor.malinowski ($20000 in chips)
fedor.holz: posts small blind $100
wiktor.malinowski: posts big blind $200
*** HOLE CARDS ***
Dealt to fedor.holz [Qs 3c]
Dealt to wiktor.malinowski [9c Jd]
fedor.holz: raises $400 to $500
wiktor.malinowski: calls $300
*** FLOP **** [Qd 7d Th]
wiktor.malinowski: checks
fedor.holz: checks
*** TURN **** [7c]
wiktor.malinowski: bets $700
fedor.holz: calls $300
*** RIVER **** [Ah]
fedor.holz: bets $1600
wiktor.malinowski: folds
*** SUMMARY ***

PokerStars Hand #78:  Hold'em No Limit ($100/$200 USD) - 2016/11/14 06:51:51 ET
Table 'ACPC Match' 2-max Seat #2 is the button
Seat 1: fedor.holz ($20000 in chips)
Seat 2: wiktor.malinowski ($20000 in chips)
wiktor.malinowski: posts small blind $100
fedor.holz: posts big blind $200
*** HOLE CARDS ***
Dealt to fedor.holz [Ah 9c]
Dealt to wiktor.malinowski [Th 9s]
wiktor.malinowski: raises $400 to $500
fedor.holz: raises $1550 to $2050
wiktor.malinowski: calls $1550
*** FLOP **** [5c 7h Kd]
fedor.holz: bets $1230
wiktor.malinowski: folds
*** SUMMARY ***

PokerStars Hand #79:  Hold'em No Limit ($100/$200 USD) - 2016/11/14 06:51:51 ET
Table 'ACPC Match' 2-max Seat #1 is the button
Seat 1: fedor.holz ($20000 in chips)
Seat 2: wiktor.malinowski ($20000 in chips)
fedor.holz: posts small blind $100
wiktor.malinowski: posts big blind $200
*** HOLE CARDS ***
Dealt to fedor.holz [4s Kd]
Dealt to wiktor.malinowski [2h 9h]
fedor.holz: raises $400 to $500
wiktor.malinowski: calls $300
*** FLOP **** [Td Jh 9d]
wiktor.malinowski: checks
fedor.holz: checks
*** TURN **** [Js]
wiktor.malinowski: checks
fedor.holz: checks
*** RIVER **** [Qc]
wiktor.malinowski: checks
fedor.holz: bets $700
wiktor.malinowski: calls $700
*** SUMMARY ***

PokerStars Hand #80:  Hold'em No Limit ($100/$200 USD) - 2016/11/14 06:51:51 ET
Table 'ACPC Match' 2-max Seat #2 is the button
Seat 1: fedor.holz ($20000 in chips)
Seat 2: wiktor.malinowski ($20000 in chips)
wiktor.malinowski: posts small blind $100
fedor.holz: posts big blind $200
*** HOLE CARDS ***
Dealt to fedor.holz [9c Ts]
Dealt to wiktor.malinowski [Qh Js]
wiktor.malinowski: raises $400 to $500
fedor.holz: raises $1550 to $2050
wiktor.malinowski: calls $1550
*** FLOP **** [5c 4s 5s]
fedor.holz: bets $1640
wiktor.malinowski: calls $1640
*** TURN **** [8c]
fedor.holz: bets $4760
wiktor.malinowski: folds
*** SUMMARY ***

PokerStars Hand #81:  Hold'em No Limit ($100/$200 USD) - 2016/11/14 06:51:51 ET
Table 'ACPC Match' 2-max Seat #2 is the button
Seat 1: fedor.holz ($20000 in chips)
Seat 2: wiktor.malinowski ($20000 in chips)
wiktor.malinowski: posts small blind $100
fedor.holz: posts big blind $200
*** HOLE CARDS ***
Dealt to fedor.holz [Jd 2s]
Dealt to wiktor.malinowski [Js Ad]
wiktor.malinowski: raises $400 to $500
fedor.holz: folds
*** SUMMARY ***

PokerStars Hand #82:  Hold'em No Limit ($100/$200 USD) - 2016/11/14 06:51:51 ET
Table 'ACPC Match' 2-max Seat #1 is the button
Seat 1: fedor.holz ($20000 in chips)
Seat 2: wiktor.malinowski ($20000 in chips)
fedor.holz: posts small blind $100
wiktor.malinowski: posts big blind $200
*** HOLE CARDS ***
Dealt to fedor.holz [6s Qd]
Dealt to wiktor.malinowski [9d 4d]
fedor.holz: raises $400 to $500
wiktor.malinowski: calls $300
*** FLOP **** [8c Td 3s]
wiktor.malinowski: checks
fedor.holz: bets $660
wiktor.malinowski: folds
*** SUMMARY ***

PokerStars Hand #84:  Hold'em No Limit ($100/$200 USD) - 2016/11/14 06:51:51 ET
Table 'ACPC Match' 2-max Seat #2 is the button
Seat 1: fedor.holz ($20000 in chips)
Seat 2: wiktor.malinowski ($20000 in chips)
wiktor.malinowski: posts small blind $100
fedor.holz: posts big blind $200
*** HOLE CARDS ***
Dealt to fedor.holz [3h 4s]
Dealt to wiktor.malinowski [Jd 7s]
wiktor.malinowski: raises $400 to $500
fedor.holz: folds
*** SUMMARY ***

PokerStars Hand #85:  Hold'em No Limit ($100/$200 USD) - 2016/11/14 06:51:51 ET
Table 'ACPC Match' 2-max Seat #1 is the button
Seat 1: fedor.holz ($20000 in chips)
Seat 2: wiktor.malinowski ($20000 in chips)
fedor.holz: posts small blind $100
wiktor.malinowski: posts big blind $200
*** HOLE CARDS ***
Dealt to fedor.holz [9h Jh]
Dealt to wiktor.malinowski [Qc Qh]
fedor.holz: raises $400 to $500
wiktor.malinowski: raises $1500 to $2000
fedor.holz: calls $1500
*** FLOP **** [Jc Ts Jd]
wiktor.malinowski: checks
fedor.holz: bets $1200
wiktor.malinowski: calls $1200
*** TURN **** [Kh]
wiktor.malinowski: checks
fedor.holz: bets $3200
wiktor.malinowski: calls $3200
*** RIVER **** [5d]
wiktor.malinowski: checks
fedor.holz: bets $16000
wiktor.malinowski: folds
*** SUMMARY ***

PokerStars Hand #86:  Hold'em No Limit ($100/$200 USD) - 2016/11/14 06:51:51 ET
Table 'ACPC Match' 2-max Seat #2 is the button
Seat 1: fedor.holz ($20000 in chips)
Seat 2: wiktor.malinowski ($20000 in chips)
wiktor.malinowski: posts small blind $100
fedor.holz: posts big blind $200
*** HOLE CARDS ***
Dealt to fedor.holz [2s Jd]
Dealt to wiktor.malinowski [Tc 5h]
wiktor.malinowski: raises $400 to $500
fedor.holz: folds
*** SUMMARY ***

PokerStars Hand #87:  Hold'em No Limit ($100/$200 USD) - 2016/11/14 06:51:51 ET
Table 'ACPC Match' 2-max Seat #1 is the button
Seat 1: fedor.holz ($20000 in chips)
Seat 2: wiktor.malinowski ($20000 in chips)
fedor.holz: posts small blind $100
wiktor.malinowski: posts big blind $200
*** HOLE CARDS ***
Dealt to fedor.holz [6s Kh]
Dealt to wiktor.malinowski [Jd 2s]
fedor.holz: raises $400 to $500
wiktor.malinowski: folds
*** SUMMARY ***

PokerStars Hand #88:  Hold'em No Limit ($100/$200 USD) - 2016/11/14 06:51:51 ET
Table 'ACPC Match' 2-max Seat #2 is the button
Seat 1: fedor.holz ($20000 in chips)
Seat 2: wiktor.malinowski ($20000 in chips)
wiktor.malinowski: posts small blind $100
fedor.holz: posts big blind $200
*** HOLE CARDS ***
Dealt to fedor.holz [5d 3d]
Dealt to wiktor.malinowski [9d 7c]
wiktor.malinowski: raises $400 to $500
fedor.holz: raises $1550 to $2050
wiktor.malinowski: folds
*** SUMMARY ***

PokerStars Hand #89:  Hold'em No Limit ($100/$200 USD) - 2016/11/14 06:51:51 ET
Table 'ACPC Match' 2-max Seat #1 is the button
Seat 1: fedor.holz ($20000 in chips)
Seat 2: wiktor.malinowski ($20000 in chips)
fedor.holz: posts small blind $100
wiktor.malinowski: posts big blind $200
*** HOLE CARDS ***
Dealt to fedor.holz [Jd Jh]
Dealt to wiktor.malinowski [8h 4d]
fedor.holz: raises $400 to $500
wiktor.malinowski: folds
*** SUMMARY ***

PokerStars Hand #90:  Hold'em No Limit ($100/$200 USD) - 2016/11/14 06:51:51 ET
Table 'ACPC Match' 2-max Seat #2 is the button
Seat 1: fedor.holz ($20000 in chips)
Seat 2: wiktor.malinowski ($20000 in chips)
wiktor.malinowski: posts small blind $100
fedor.holz: posts big blind $200
*** HOLE CARDS ***
Dealt to fedor.holz [7s 9s]
Dealt to wiktor.malinowski [8h Kh]
wiktor.malinowski: raises $400 to $500
fedor.holz: raises $1550 to $2050
wiktor.malinowski: calls $1550
*** FLOP **** [Jd 7d Th]
fedor.holz: checks
wiktor.malinowski: checks
*** TURN **** [9c]
fedor.holz: bets $1440
wiktor.malinowski: calls $1440
*** RIVER **** [Kd]
fedor.holz: checks
wiktor.malinowski: checks
*** SUMMARY ***

PokerStars Hand #91:  Hold'em No Limit ($100/$200 USD) - 2016/11/14 06:51:51 ET
Table 'ACPC Match' 2-max Seat #1 is the button
Seat 1: fedor.holz ($20000 in chips)
Seat 2: wiktor.malinowski ($20000 in chips)
fedor.holz: posts small blind $100
wiktor.malinowski: posts big blind $200
*** HOLE CARDS ***
Dealt to fedor.holz [7d 9s]
Dealt to wiktor.malinowski [Td Ac]
fedor.holz: raises $400 to $500
wiktor.malinowski: raises $1500 to $2000
fedor.holz: folds
*** SUMMARY ***

PokerStars Hand #92:  Hold'em No Limit ($100/$200 USD) - 2016/11/14 06:51:51 ET
Table 'ACPC Match' 2-max Seat #2 is the button
Seat 1: fedor.holz ($20000 in chips)
Seat 2: wiktor.malinowski ($20000 in chips)
wiktor.malinowski: posts small blind $100
fedor.holz: posts big blind $200
*** HOLE CARDS ***
Dealt to fedor.holz [5d Kh]
Dealt to wiktor.malinowski [Td 8d]
wiktor.malinowski: raises $400 to $500
fedor.holz: calls $300
*** FLOP **** [5c 2d Kc]
fedor.holz: checks
wiktor.malinowski: bets $300
fedor.holz: calls $300
*** TURN **** [3s]
fedor.holz: checks
wiktor.malinowski: checks
*** RIVER **** [Qh]
fedor.holz: bets $400
wiktor.malinowski: folds
*** SUMMARY ***

PokerStars Hand #93:  Hold'em No Limit ($100/$200 USD) - 2016/11/14 06:51:51 ET
Table 'ACPC Match' 2-max Seat #1 is the button
Seat 1: fedor.holz ($20000 in chips)
Seat 2: wiktor.malinowski ($20000 in chips)
fedor.holz: posts small blind $100
wiktor.malinowski: posts big blind $200
*** HOLE CARDS ***
Dealt to fedor.holz [Qh 9s]
Dealt to wiktor.malinowski [Qs Qc]
fedor.holz: raises $400 to $500
wiktor.malinowski: raises $1500 to $2000
fedor.holz: calls $1500
*** FLOP **** [5s 7h Ks]
wiktor.malinowski: bets $1200
fedor.holz: raises $2020 to $3220
wiktor.malinowski: calls $2020
*** TURN **** [As]
wiktor.malinowski: bets $1360
fedor.holz: calls $1360
*** RIVER **** [Ah]
wiktor.malinowski: checks
fedor.holz: bets $16500
wiktor.malinowski: folds
*** SUMMARY ***

PokerStars Hand #94:  Hold'em No Limit ($100/$200 USD) - 2016/11/14 06:51:51 ET
Table 'ACPC Match' 2-max Seat #2 is the button
Seat 1: fedor.holz ($20000 in chips)
Seat 2: wiktor.malinowski ($20000 in chips)
wiktor.malinowski: posts small blind $100
fedor.holz: posts big blind $200
*** HOLE CARDS ***
Dealt to fedor.holz [As 3s]
Dealt to wiktor.malinowski [4s 2s]
wiktor.malinowski: raises $400 to $500
fedor.holz: raises $1550 to $2050
wiktor.malinowski: folds
*** SUMMARY ***

PokerStars Hand #95:  Hold'em No Limit ($100/$200 USD) - 2016/11/14 06:51:51 ET
Table 'ACPC Match' 2-max Seat #1 is the button
Seat 1: fedor.holz ($20000 in chips)
Seat 2: wiktor.malinowski ($20000 in chips)
fedor.holz: posts small blind $100
wiktor.malinowski: posts big blind $200
*** HOLE CARDS ***
Dealt to fedor.holz [Kd Qs]
Dealt to wiktor.malinowski [2c Kh]
fedor.holz: raises $400 to $500
wiktor.malinowski: calls $300
*** FLOP **** [5h 4c Jc]
wiktor.malinowski: checks
fedor.holz: bets $300
wiktor.malinowski: folds
*** SUMMARY ***

PokerStars Hand #96:  Hold'em No Limit ($100/$200 USD) - 2016/11/14 06:51:51 ET
Table 'ACPC Match' 2-max Seat #2 is the button
Seat 1: fedor.holz ($20000 in chips)
Seat 2: wiktor.malinowski ($20000 in chips)
wiktor.malinowski: posts small blind $100
fedor.holz: posts big blind $200
*** HOLE CARDS ***
Dealt to fedor.holz [8h 5c]
Dealt to wiktor.malinowski [Ah 3s]
wiktor.malinowski: raises $400 to $500
fedor.holz: folds
*** SUMMARY ***

PokerStars Hand #97:  Hold'em No Limit ($100/$200 USD) - 2016/11/14 06:51:51 ET
Table 'ACPC Match' 2-max Seat #1 is the button
Seat 1: fedor.holz ($20000 in chips)
Seat 2: wiktor.malinowski ($20000 in chips)
fedor.holz: posts small blind $100
wiktor.malinowski: posts big blind $200
*** HOLE CARDS ***
Dealt to fedor.holz [4c Qd]
Dealt to wiktor.malinowski [Kh 5d]
fedor.holz: raises $400 to $500
wiktor.malinowski: calls $300
*** FLOP **** [2c 2h 9s]
wiktor.malinowski: checks
fedor.holz: bets $300
wiktor.malinowski: calls $300
*** TURN **** [3c]
wiktor.malinowski: checks
fedor.holz: checks
*** RIVER **** [5h]
wiktor.malinowski: bets $1120
fedor.holz: folds
*** SUMMARY ***

PokerStars Hand #98:  Hold'em No Limit ($100/$200 USD) - 2016/11/14 06:51:51 ET
Table 'ACPC Match' 2-max Seat #2 is the button
Seat 1: fedor.holz ($20000 in chips)
Seat 2: wiktor.malinowski ($20000 in chips)
wiktor.malinowski: posts small blind $100
fedor.holz: posts big blind $200
*** HOLE CARDS ***
Dealt to fedor.holz [3h 5h]
Dealt to wiktor.malinowski [Kd Ts]
wiktor.malinowski: raises $400 to $500
fedor.holz: raises $1550 to $2050
wiktor.malinowski: calls $1550
*** FLOP **** [Js Ks Th]
fedor.holz: checks
wiktor.malinowski: checks
*** TURN **** [5s]
fedor.holz: checks
wiktor.malinowski: bets $2870
fedor.holz: folds
*** SUMMARY ***

PokerStars Hand #99:  Hold'em No Limit ($100/$200 USD) - 2016/11/14 06:51:51 ET
Table 'ACPC Match' 2-max Seat #1 is the button
Seat 1: fedor.holz ($20000 in chips)
Seat 2: wiktor.malinowski ($20000 in chips)
fedor.holz: posts small blind $100
wiktor.malinowski: posts big blind $200
*** HOLE CARDS ***
Dealt to fedor.holz [Qc Jc]
Dealt to wiktor.malinowski [7h 6c]
fedor.holz: raises $400 to $500
wiktor.malinowski: calls $300
*** FLOP **** [Jd Js 3d]
wiktor.malinowski: checks
fedor.holz: bets $300
wiktor.malinowski: raises $1060 to $1360
fedor.holz: calls $1060
*** TURN **** [5c]
wiktor.malinowski: bets $5020
fedor.holz: calls $5020
*** RIVER **** [8h]
wiktor.malinowski: bets $15969
fedor.holz: calls $15969
*** SUMMARY ***

PokerStars Hand #100:  Hold'em No Limit ($100/$200 USD) - 2016/11/14 06:51:51 ET
Table 'ACPC Match' 2-max Seat #2 is the button
Seat 1: fedor.holz ($20000 in chips)
Seat 2: wiktor.malinowski ($20000 in chips)
wiktor.malinowski: posts small blind $100
fedor.holz: posts big blind $200
*** HOLE CARDS ***
Dealt to fedor.holz [9s 3s]
Dealt to wiktor.malinowski [8h Ks]
wiktor.malinowski: raises $300 to $400
fedor.holz: calls $200
*** FLOP **** [4d Ts Js]
fedor.holz: checks
wiktor.malinowski: bets $240
fedor.holz: calls $240
*** TURN **** [4h]
fedor.holz: checks
wiktor.malinowski: checks
*** RIVER **** [5d]
fedor.holz: bets $384
wiktor.malinowski: folds
*** SUMMARY ***

PokerStars Hand #101:  Hold'em No Limit ($100/$200 USD) - 2016/11/14 06:51:51 ET
Table 'ACPC Match' 2-max Seat #1 is the button
Seat 1: fedor.holz ($20000 in chips)
Seat 2: wiktor.malinowski ($20000 in chips)
fedor.holz: posts small blind $100
wiktor.malinowski: posts big blind $200
*** HOLE CARDS ***
Dealt to fedor.holz [2s 4c]
Dealt to wiktor.malinowski [6h 3c]
fedor.holz: folds
*** SUMMARY ***

PokerStars Hand #102:  Hold'em No Limit ($100/$200 USD) - 2016/11/14 06:51:51 ET
Table 'ACPC Match' 2-max Seat #2 is the button
Seat 1: fedor.holz ($20000 in chips)
Seat 2: wiktor.malinowski ($20000 in chips)
wiktor.malinowski: posts small blind $100
fedor.holz: posts big blind $200
*** HOLE CARDS ***
Dealt to fedor.holz [Qd 2d]
Dealt to wiktor.malinowski [4c 5h]
wiktor.malinowski: raises $400 to $500
fedor.holz: calls $300
*** FLOP **** [8d Jd Qs]
fedor.holz: checks
wiktor.malinowski: checks
*** TURN **** [7d]
fedor.holz: checks
wiktor.malinowski: bets $700
fedor.holz: calls $700
*** RIVER **** [Qc]
fedor.holz: checks
wiktor.malinowski: bets $3040
fedor.holz: raises $57000 to $60369
wiktor.malinowski: folds
*** SUMMARY ***

PokerStars Hand #103:  Hold'em No Limit ($100/$200 USD) - 2016/11/14 06:51:51 ET
Table 'ACPC Match' 2-max Seat #1 is the button
Seat 1: fedor.holz ($20000 in chips)
Seat 2: wiktor.malinowski ($20000 in chips)
fedor.holz: posts small blind $100
wiktor.malinowski: posts big blind $200
*** HOLE CARDS ***
Dealt to fedor.holz [8s Js]
Dealt to wiktor.malinowski [2h Ah]
fedor.holz: raises $400 to $500
wiktor.malinowski: calls $300
*** FLOP **** [3s Jc 7c]
wiktor.malinowski: checks
fedor.holz: bets $300
wiktor.malinowski: folds
*** SUMMARY ***

PokerStars Hand #104:  Hold'em No Limit ($100/$200 USD) - 2016/11/14 06:51:51 ET
Table 'ACPC Match' 2-max Seat #2 is the button
Seat 1: fedor.holz ($20000 in chips)
Seat 2: wiktor.malinowski ($20000 in chips)
wiktor.malinowski: posts small blind $100
fedor.holz: posts big blind $200
*** HOLE CARDS ***
Dealt to fedor.holz [3h 7s]
Dealt to wiktor.malinowski [Jd Qc]
wiktor.malinowski: raises $400 to $500
fedor.holz: folds
*** SUMMARY ***

PokerStars Hand #105:  Hold'em No Limit ($100/$200 USD) - 2016/11/14 06:51:51 ET
Table 'ACPC Match' 2-max Seat #1 is the button
Seat 1: fedor.holz ($20000 in chips)
Seat 2: wiktor.malinowski ($20000 in chips)
fedor.holz: posts small blind $100
wiktor.malinowski: posts big blind $200
*** HOLE CARDS ***
Dealt to fedor.holz [Qd 2s]
Dealt to wiktor.malinowski [Kd Ks]
fedor.holz: folds
*** SUMMARY ***

PokerStars Hand #106:  Hold'em No Limit ($100/$200 USD) - 2016/11/14 06:51:51 ET
Table 'ACPC Match' 2-max Seat #2 is the button
Seat 1: fedor.holz ($20000 in chips)
Seat 2: wiktor.malinowski ($20000 in chips)
wiktor.malinowski: posts small blind $100
fedor.holz: posts big blind $200
*** HOLE CARDS ***
Dealt to fedor.holz [3h 3d]
Dealt to wiktor.malinowski [Ad Ac]
wiktor.malinowski: raises $400 to $500
fedor.holz: calls $300
*** FLOP **** [5h 7d 2s]
fedor.holz: checks
wiktor.malinowski: checks
*** TURN **** [8d]
fedor.holz: checks
wiktor.malinowski: checks
*** RIVER **** [Th]
fedor.holz: bets $300
wiktor.malinowski: raises $1320 to $1620
fedor.holz: folds
*** SUMMARY ***

PokerStars Hand #107:  Hold'em No Limit ($100/$200 USD) - 2016/11/14 06:51:51 ET
Table 'ACPC Match' 2-max Seat #1 is the button
Seat 1: fedor.holz ($20000 in chips)
Seat 2: wiktor.malinowski ($20000 in chips)
fedor.holz: posts small blind $100
wiktor.malinowski: posts big blind $200
*** HOLE CARDS ***
Dealt to fedor.holz [Ks 6c]
Dealt to wiktor.malinowski [5d 2s]
fedor.holz: raises $400 to $500
wiktor.malinowski: folds
*** SUMMARY ***

PokerStars Hand #108:  Hold'em No Limit ($100/$200 USD) - 2016/11/14 06:51:51 ET
Table 'ACPC Match' 2-max Seat #2 is the button
Seat 1: fedor.holz ($20000 in chips)
Seat 2: wiktor.malinowski ($20000 in chips)
wiktor.malinowski: posts small blind $100
fedor.holz: posts big blind $200
*** HOLE CARDS ***
Dealt to fedor.holz [8c 9s]
Dealt to wiktor.malinowski [Ac 6h]
wiktor.malinowski: raises $400 to $500
fedor.holz: calls $300
*** FLOP **** [Kd 7c 9c]
fedor.holz: checks
wiktor.malinowski: checks
*** TURN **** [6d]
fedor.holz: bets $700
wiktor.malinowski: calls $700
*** RIVER **** [Ts]
fedor.holz: bets $800
wiktor.malinowski: raises $1640 to $2440
fedor.holz: calls $1640
*** SUMMARY ***

PokerStars Hand #109:  Hold'em No Limit ($100/$200 USD) - 2016/11/14 06:51:51 ET
Table 'ACPC Match' 2-max Seat #1 is the button
Seat 1: fedor.holz ($20000 in chips)
Seat 2: wiktor.malinowski ($20000 in chips)
fedor.holz: posts small blind $100
wiktor.malinowski: posts big blind $200
*** HOLE CARDS ***
Dealt to fedor.holz [Jd 5d]
Dealt to wiktor.malinowski [6s Tc]
fedor.holz: raises $400 to $500
wiktor.malinowski: calls $300
*** FLOP **** [6d 6c 5c]
wiktor.malinowski: checks
fedor.holz: bets $300
wiktor.malinowski: raises $860 to $1160
fedor.holz: calls $860
*** TURN **** [Jc]
wiktor.malinowski: bets $1096
fedor.holz: calls $1096
*** RIVER **** [9s]
wiktor.malinowski: checks
fedor.holz: checks
*** SUMMARY ***

PokerStars Hand #110:  Hold'em No Limit ($100/$200 USD) - 2016/11/14 06:51:51 ET
Table 'ACPC Match' 2-max Seat #2 is the button
Seat 1: fedor.holz ($20000 in chips)
Seat 2: wiktor.malinowski ($20000 in chips)
wiktor.malinowski: posts small blind $100
fedor.holz: posts big blind $200
*** HOLE CARDS ***
Dealt to fedor.holz [Ts 6h]
Dealt to wiktor.malinowski [3c Td]
wiktor.malinowski: folds
*** SUMMARY ***

PokerStars Hand #111:  Hold'em No Limit ($100/$200 USD) - 2016/11/14 06:51:51 ET
Table 'ACPC Match' 2-max Seat #1 is the button
Seat 1: fedor.holz ($20000 in chips)
Seat 2: wiktor.malinowski ($20000 in chips)
fedor.holz: posts small blind $100
wiktor.malinowski: posts big blind $200
*** HOLE CARDS ***
Dealt to fedor.holz [9h Kc]
Dealt to wiktor.malinowski [5d 7s]
fedor.holz: raises $400 to $500
wiktor.malinowski: calls $300
*** FLOP **** [Tc 2h Th]
wiktor.malinowski: checks
fedor.holz: checks
*** TURN **** [Jd]
wiktor.malinowski: bets $700
fedor.holz: calls $700
*** RIVER **** [Ad]
wiktor.malinowski: bets $2400
fedor.holz: folds
*** SUMMARY ***

PokerStars Hand #112:  Hold'em No Limit ($100/$200 USD) - 2016/11/14 06:51:51 ET
Table 'ACPC Match' 2-max Seat #2 is the button
Seat 1: fedor.holz ($20000 in chips)
Seat 2: wiktor.malinowski ($20000 in chips)
wiktor.malinowski: posts small blind $100
fedor.holz: posts big blind $200
*** HOLE CARDS ***
Dealt to fedor.holz [7s 3h]
Dealt to wiktor.malinowski [4s Qh]
wiktor.malinowski: raises $400 to $500
fedor.holz: folds
*** SUMMARY ***

PokerStars Hand #113:  Hold'em No Limit ($100/$200 USD) - 2016/11/14 06:51:51 ET
Table 'ACPC Match' 2-max Seat #1 is the button
Seat 1: fedor.holz ($20000 in chips)
Seat 2: wiktor.malinowski ($20000 in chips)
fedor.holz: posts small blind $100
wiktor.malinowski: posts big blind $200
*** HOLE CARDS ***
Dealt to fedor.holz [7h 6s]
Dealt to wiktor.malinowski [9s 4c]
fedor.holz: raises $400 to $500
wiktor.malinowski: folds
*** SUMMARY ***

PokerStars Hand #114:  Hold'em No Limit ($100/$200 USD) - 2016/11/14 06:51:51 ET
Table 'ACPC Match' 2-max Seat #2 is the button
Seat 1: fedor.holz ($20000 in chips)
Seat 2: wiktor.malinowski ($20000 in chips)
wiktor.malinowski: posts small blind $100
fedor.holz: posts big blind $200
*** HOLE CARDS ***
Dealt to fedor.holz [4h 3h]
Dealt to wiktor.malinowski [Qd 4d]
wiktor.malinowski: raises $400 to $500
fedor.holz: raises $1550 to $2050
wiktor.malinowski: calls $1550
*** FLOP **** [8d Ks 8h]
fedor.holz: bets $1230
wiktor.malinowski: calls $1230
*** TURN **** [Kd]
fedor.holz: checks
wiktor.malinowski: checks
*** RIVER **** [Jh]
fedor.holz: checks
wiktor.malinowski: checks
*** SUMMARY ***

PokerStars Hand #115:  Hold'em No Limit ($100/$200 USD) - 2016/11/14 06:51:51 ET
Table 'ACPC Match' 2-max Seat #1 is the button
Seat 1: fedor.holz ($20000 in chips)
Seat 2: wiktor.malinowski ($20000 in chips)
fedor.holz: posts small blind $100
wiktor.malinowski: posts big blind $200
*** HOLE CARDS ***
Dealt to fedor.holz [3h 9c]
Dealt to wiktor.malinowski [7s 9s]
fedor.holz: folds
*** SUMMARY ***

PokerStars Hand #116:  Hold'em No Limit ($100/$200 USD) - 2016/11/14 06:51:51 ET
Table 'ACPC Match' 2-max Seat #2 is the button
Seat 1: fedor.holz ($20000 in chips)
Seat 2: wiktor.malinowski ($20000 in chips)
wiktor.malinowski: posts small blind $100
fedor.holz: posts big blind $200
*** HOLE CARDS ***
Dealt to fedor.holz [2c Td]
Dealt to wiktor.malinowski [Js Ah]
wiktor.malinowski: raises $400 to $500
fedor.holz: folds
*** SUMMARY ***

PokerStars Hand #117:  Hold'em No Limit ($100/$200 USD) - 2016/11/14 06:51:51 ET
Table 'ACPC Match' 2-max Seat #1 is the button
Seat 1: fedor.holz ($20000 in chips)
Seat 2: wiktor.malinowski ($20000 in chips)
fedor.holz: posts small blind $100
wiktor.malinowski: posts big blind $200
*** HOLE CARDS ***
Dealt to fedor.holz [Tc 2s]
Dealt to wiktor.malinowski [Qc 8s]
fedor.holz: folds
*** SUMMARY ***

PokerStars Hand #118:  Hold'em No Limit ($100/$200 USD) - 2016/11/14 06:51:51 ET
Table 'ACPC Match' 2-max Seat #2 is the button
Seat 1: fedor.holz ($20000 in chips)
Seat 2: wiktor.malinowski ($20000 in chips)
wiktor.malinowski: posts small blind $100
fedor.holz: posts big blind $200
*** HOLE CARDS ***
Dealt to fedor.holz [Ts Js]
Dealt to wiktor.malinowski [9d As]
wiktor.malinowski: raises $400 to $500
fedor.holz: raises $1550 to $2050
wiktor.malinowski: calls $1550
*** FLOP **** [2c Kd Qd]
fedor.holz: bets $2680
wiktor.malinowski: calls $2680
*** TURN **** [5h]
fedor.holz: bets $6640
wiktor.malinowski: folds
*** SUMMARY ***
